#
# There is insufficient memory for the Java Runtime Environment to continue.
# Native memory allocation (mmap) failed to map 28311552 bytes for G1 virtual space
# Possible reasons:
#   The system is out of physical RAM or swap space
#   The process is running with CompressedOops enabled, and the Java Heap may be blocking the growth of the native heap
# Possible solutions:
#   Reduce memory load on the system
#   Increase physical memory or swap space
#   Check if swap backing store is full
#   Decrease Java heap size (-Xmx/-Xms)
#   Decrease number of Java threads
#   Decrease Java thread stack sizes (-Xss)
#   Set larger code cache with -XX:ReservedCodeCacheSize=
#   JVM is running with Unscaled Compressed Oops mode in which the Java heap is
#     placed in the first 4GB address space. The Java Heap base address is the
#     maximum limit for the native heap growth. Please use -XX:HeapBaseMinAddress
#     to set the Java Heap base and to place the Java Heap above 4GB virtual address.
# This output file may be truncated or incomplete.
#
#  Out of Memory Error (os_windows.cpp:3548), pid=13508, tid=20088
#
# JRE version: Java(TM) SE Runtime Environment (17.0.10+11) (build 17.0.10+11-LTS-240)
# Java VM: Java HotSpot(TM) 64-Bit Server VM (17.0.10+11-LTS-240, mixed mode, sharing, tiered, compressed oops, compressed class ptrs, g1 gc, windows-amd64)
# No core dump will be written. Minidumps are not enabled by default on client versions of Windows
#

---------------  S U M M A R Y ------------

Command Line: -Dclassworlds.conf=C:/Program Files/apache-maven-3.9.9/bin/m2.conf -Dmaven.home=C:/Program Files/apache-maven-3.9.9 -Dlibrary.jansi.path=C:/Program Files/apache-maven-3.9.9/lib/jansi-native -Dmaven.multiModuleProjectDirectory=U:/Desktop/09_Projects/06_DevOps/02_Kubernetes/k8s_demo_spring_boot org.codehaus.plexus.classworlds.launcher.Launcher clean package -DskipTests

Host: 11th Gen Intel(R) Core(TM) i5-1135G7 @ 2.40GHz, 8 cores, 7G,  Windows 11 , 64 bit Build 26100 (10.0.26100.8246)
Time: Sat Apr 25 17:55:21 2026 India Standard Time elapsed time: 7.342474 seconds (0d 0h 0m 7s)

---------------  T H R E A D  ---------------

Current thread (0x000002631e738a30):  VMThread "VM Thread" [stack: 0x000000c17e800000,0x000000c17e900000] [id=20088]

Stack: [0x000000c17e800000,0x000000c17e900000]
Native frames: (J=compiled Java code, j=interpreted, Vv=VM code, C=native code)
V  [jvm.dll+0x677a5a]
V  [jvm.dll+0x7d8b2d]
V  [jvm.dll+0x7da48e]
V  [jvm.dll+0x7daaf3]
V  [jvm.dll+0x2455ff]
V  [jvm.dll+0x6749b9]
V  [jvm.dll+0x669382]
V  [jvm.dll+0x302e96]
V  [jvm.dll+0x30a416]
V  [jvm.dll+0x359cbe]
V  [jvm.dll+0x359eef]
V  [jvm.dll+0x2d9e88]
V  [jvm.dll+0x2d8295]
V  [jvm.dll+0x2d789c]
V  [jvm.dll+0x31b18b]
V  [jvm.dll+0x7df30b]
V  [jvm.dll+0x7e0044]
V  [jvm.dll+0x7e055d]
V  [jvm.dll+0x7e0934]
V  [jvm.dll+0x7e0a00]
V  [jvm.dll+0x78888a]
V  [jvm.dll+0x676935]
C  [ucrtbase.dll+0x37b0]
C  [KERNEL32.DLL+0x2e8d7]
C  [ntdll.dll+0x8c3fc]

VM_Operation (0x000000c17e2fb9e0): G1CollectForAllocation, mode: safepoint, requested by thread 0x000002637f42f960


---------------  P R O C E S S  ---------------

Threads class SMR info:
_java_thread_list=0x00000263651ed320, length=15, elements={
0x000002637f42f960, 0x000002631e73c3d0, 0x000002631e73cd90, 0x000002631e7556f0,
0x000002631e7560b0, 0x000002631e756a70, 0x000002631e757430, 0x000002631e7581d0,
0x000002631e762ca0, 0x000002631e765120, 0x000002631e9d08a0, 0x000002631e9d3350,
0x0000026364c03930, 0x0000026365139310, 0x0000026366baa560
}

Java Threads: ( => current thread )
  0x000002637f42f960 JavaThread "main" [_thread_blocked, id=14236, stack(0x000000c17e200000,0x000000c17e300000)]
  0x000002631e73c3d0 JavaThread "Reference Handler" daemon [_thread_blocked, id=6580, stack(0x000000c17e900000,0x000000c17ea00000)]
  0x000002631e73cd90 JavaThread "Finalizer" daemon [_thread_blocked, id=8416, stack(0x000000c17ea00000,0x000000c17eb00000)]
  0x000002631e7556f0 JavaThread "Signal Dispatcher" daemon [_thread_blocked, id=13360, stack(0x000000c17eb00000,0x000000c17ec00000)]
  0x000002631e7560b0 JavaThread "Attach Listener" daemon [_thread_blocked, id=3804, stack(0x000000c17ec00000,0x000000c17ed00000)]
  0x000002631e756a70 JavaThread "Service Thread" daemon [_thread_blocked, id=24328, stack(0x000000c17ed00000,0x000000c17ee00000)]
  0x000002631e757430 JavaThread "Monitor Deflation Thread" daemon [_thread_blocked, id=20892, stack(0x000000c17ee00000,0x000000c17ef00000)]
  0x000002631e7581d0 JavaThread "C2 CompilerThread0" daemon [_thread_blocked, id=7476, stack(0x000000c17ef00000,0x000000c17f000000)]
  0x000002631e762ca0 JavaThread "C1 CompilerThread0" daemon [_thread_blocked, id=16316, stack(0x000000c17f000000,0x000000c17f100000)]
  0x000002631e765120 JavaThread "Sweeper thread" daemon [_thread_blocked, id=2788, stack(0x000000c17f100000,0x000000c17f200000)]
  0x000002631e9d08a0 JavaThread "Notification Thread" daemon [_thread_blocked, id=10940, stack(0x000000c17f200000,0x000000c17f300000)]
  0x000002631e9d3350 JavaThread "Common-Cleaner" daemon [_thread_blocked, id=19800, stack(0x000000c17f400000,0x000000c17f500000)]
  0x0000026364c03930 JavaThread "Thread-1" daemon [_thread_blocked, id=2144, stack(0x000000c17fe00000,0x000000c17ff00000)]
  0x0000026365139310 JavaThread "C2 CompilerThread1" daemon [_thread_in_native, id=4860, stack(0x000000c17f500000,0x000000c17f600000)]
  0x0000026366baa560 JavaThread "C2 CompilerThread2" daemon [_thread_blocked, id=23728, stack(0x000000c17f600000,0x000000c17f700000)]

Other Threads:
=>0x000002631e738a30 VMThread "VM Thread" [stack: 0x000000c17e800000,0x000000c17e900000] [id=20088]
  0x000002637f4a2e90 WatcherThread [stack: 0x000000c17f300000,0x000000c17f400000] [id=22740]
  0x000002637f488d30 GCTaskThread "GC Thread#0" [stack: 0x000000c17e300000,0x000000c17e400000] [id=20896]
  0x000002636438b1a0 GCTaskThread "GC Thread#1" [stack: 0x000000c17f700000,0x000000c17f800000] [id=14492]
  0x0000026364864460 GCTaskThread "GC Thread#2" [stack: 0x000000c17f800000,0x000000c17f900000] [id=2176]
  0x000002636459f610 GCTaskThread "GC Thread#3" [stack: 0x000000c17f900000,0x000000c17fa00000] [id=15384]
  0x000002636492f860 GCTaskThread "GC Thread#4" [stack: 0x000000c17fa00000,0x000000c17fb00000] [id=3408]
  0x0000026364e3dd00 GCTaskThread "GC Thread#5" [stack: 0x000000c17fb00000,0x000000c17fc00000] [id=4236]
  0x000002636492fb20 GCTaskThread "GC Thread#6" [stack: 0x000000c17fc00000,0x000000c17fd00000] [id=20812]
  0x0000026364929850 GCTaskThread "GC Thread#7" [stack: 0x000000c17fd00000,0x000000c17fe00000] [id=4816]
  0x000002637f499180 ConcurrentGCThread "G1 Main Marker" [stack: 0x000000c17e400000,0x000000c17e500000] [id=8396]
  0x000002637f49baa0 ConcurrentGCThread "G1 Conc#0" [stack: 0x000000c17e500000,0x000000c17e600000] [id=5748]
  0x00000263654add90 ConcurrentGCThread "G1 Conc#1" [stack: 0x000000c17ff00000,0x000000c180000000] [id=7560]
  0x000002631e5ee5f0 ConcurrentGCThread "G1 Refine#0" [stack: 0x000000c17e600000,0x000000c17e700000] [id=14296]
  0x000002631e5eedc0 ConcurrentGCThread "G1 Service" [stack: 0x000000c17e700000,0x000000c17e800000] [id=9980]

Threads with active compile tasks:
C2 CompilerThread1     7353 7003       4       java.util.zip.ZipFile$Source::initCEN (591 bytes)

VM state: at safepoint (normal execution)

VM Mutex/Monitor currently owned by a thread:  ([mutex/lock_event])
[0x000002637f42baa0] Threads_lock - owner thread: 0x000002631e738a30
[0x000002637f42a6f0] Heap_lock - owner thread: 0x000002637f42f960

Heap address: 0x0000000085800000, size: 1960 MB, Compressed Oops mode: 32-bit

CDS archive(s) mapped at: [0x000002631f000000-0x000002631fbd0000-0x000002631fbd0000), size 12386304, SharedBaseAddress: 0x000002631f000000, ArchiveRelocationMode: 1.
Compressed class space mapped at: 0x0000026320000000-0x0000026360000000, reserved size: 1073741824
Narrow klass base: 0x000002631f000000, Narrow klass shift: 0, Narrow klass range: 0x100000000

GC Precious Log:
 CPUs: 8 total, 8 available
 Memory: 7834M
 Large Page Support: Disabled
 NUMA Support: Disabled
 Compressed Oops: Enabled (32-bit)
 Heap Region Size: 1M
 Heap Min Capacity: 8M
 Heap Initial Capacity: 124M
 Heap Max Capacity: 1960M
 Pre-touch: Disabled
 Parallel Workers: 8
 Concurrent Workers: 2
 Concurrent Refinement Workers: 8
 Periodic GC: Disabled

Heap:
 garbage-first heap   total 125952K, used 50001K [0x0000000085800000, 0x0000000100000000)
  region size 1024K, 3 young (3072K), 3 survivors (3072K)
 Metaspace       used 30588K, committed 30976K, reserved 1114112K
  class space    used 3516K, committed 3712K, reserved 1048576K

Heap Regions: E=young(eden), S=young(survivor), O=old, HS=humongous(starts), HC=humongous(continues), CS=collection set, F=free, OA=open archive, CA=closed archive, TAMS=top-at-mark-start (previous, next)
|   0|0x0000000085800000, 0x0000000085900000, 0x0000000085900000|100%| O|  |TAMS 0x0000000085900000, 0x0000000085900000| Untracked 
|   1|0x0000000085900000, 0x0000000085a00000, 0x0000000085a00000|100%| O|  |TAMS 0x0000000085a00000, 0x0000000085a00000| Untracked 
|   2|0x0000000085a00000, 0x0000000085b00000, 0x0000000085b00000|100%| O|  |TAMS 0x0000000085b00000, 0x0000000085b00000| Untracked 
|   3|0x0000000085b00000, 0x0000000085c00000, 0x0000000085c00000|100%| O|  |TAMS 0x0000000085c00000, 0x0000000085c00000| Untracked 
|   4|0x0000000085c00000, 0x0000000085d00000, 0x0000000085d00000|100%| O|  |TAMS 0x0000000085d00000, 0x0000000085d00000| Untracked 
|   5|0x0000000085d00000, 0x0000000085e00000, 0x0000000085e00000|100%|HS|  |TAMS 0x0000000085e00000, 0x0000000085e00000| Complete 
|   6|0x0000000085e00000, 0x0000000085f00000, 0x0000000085f00000|100%| O|  |TAMS 0x0000000085f00000, 0x0000000085f00000| Untracked 
|   7|0x0000000085f00000, 0x0000000086000000, 0x0000000086000000|100%| O|  |TAMS 0x0000000086000000, 0x0000000086000000| Untracked 
|   8|0x0000000086000000, 0x0000000086100000, 0x0000000086100000|100%| O|  |TAMS 0x0000000086100000, 0x0000000086100000| Untracked 
|   9|0x0000000086100000, 0x0000000086200000, 0x0000000086200000|100%| O|  |TAMS 0x0000000086200000, 0x0000000086200000| Untracked 
|  10|0x0000000086200000, 0x0000000086300000, 0x0000000086300000|100%| O|  |TAMS 0x0000000086300000, 0x0000000086300000| Untracked 
|  11|0x0000000086300000, 0x0000000086400000, 0x0000000086400000|100%| O|  |TAMS 0x0000000086400000, 0x0000000086400000| Untracked 
|  12|0x0000000086400000, 0x0000000086500000, 0x0000000086500000|100%| O|  |TAMS 0x0000000086500000, 0x0000000086500000| Untracked 
|  13|0x0000000086500000, 0x0000000086600000, 0x0000000086600000|100%| O|  |TAMS 0x0000000086600000, 0x0000000086600000| Untracked 
|  14|0x0000000086600000, 0x0000000086700000, 0x0000000086700000|100%| O|  |TAMS 0x0000000086700000, 0x0000000086700000| Untracked 
|  15|0x0000000086700000, 0x0000000086800000, 0x0000000086800000|100%| O|  |TAMS 0x0000000086800000, 0x0000000086800000| Untracked 
|  16|0x0000000086800000, 0x0000000086900000, 0x0000000086900000|100%| O|  |TAMS 0x0000000086900000, 0x0000000086900000| Untracked 
|  17|0x0000000086900000, 0x0000000086a00000, 0x0000000086a00000|100%| O|  |TAMS 0x0000000086a00000, 0x0000000086a00000| Untracked 
|  18|0x0000000086a00000, 0x0000000086b00000, 0x0000000086b00000|100%| O|  |TAMS 0x0000000086b00000, 0x0000000086b00000| Untracked 
|  19|0x0000000086b00000, 0x0000000086c00000, 0x0000000086c00000|100%| O|  |TAMS 0x0000000086c00000, 0x0000000086c00000| Untracked 
|  20|0x0000000086c00000, 0x0000000086ca0600, 0x0000000086d00000| 62%| O|  |TAMS 0x0000000086c00000, 0x0000000086ca0600| Untracked 
|  21|0x0000000086d00000, 0x0000000086d00000, 0x0000000086e00000|  0%| F|  |TAMS 0x0000000086d00000, 0x0000000086d00000| Untracked 
|  22|0x0000000086e00000, 0x0000000086f00000, 0x0000000086f00000|100%| O|  |TAMS 0x0000000086f00000, 0x0000000086f00000| Untracked 
|  23|0x0000000086f00000, 0x0000000087000000, 0x0000000087000000|100%| O|  |TAMS 0x0000000087000000, 0x0000000087000000| Untracked 
|  24|0x0000000087000000, 0x0000000087100000, 0x0000000087100000|100%| O|  |TAMS 0x00000000870d0400, 0x0000000087100000| Untracked 
|  25|0x0000000087100000, 0x0000000087200000, 0x0000000087200000|100%| O|  |TAMS 0x0000000087100000, 0x0000000087200000| Untracked 
|  26|0x0000000087200000, 0x0000000087300000, 0x0000000087300000|100%| O|  |TAMS 0x0000000087300000, 0x0000000087300000| Untracked 
|  27|0x0000000087300000, 0x0000000087400000, 0x0000000087400000|100%| O|  |TAMS 0x0000000087400000, 0x0000000087400000| Untracked 
|  28|0x0000000087400000, 0x0000000087500000, 0x0000000087500000|100%|HS|  |TAMS 0x0000000087500000, 0x0000000087500000| Complete 
|  29|0x0000000087500000, 0x0000000087600000, 0x0000000087600000|100%|HC|  |TAMS 0x0000000087600000, 0x0000000087600000| Complete 
|  30|0x0000000087600000, 0x0000000087700000, 0x0000000087700000|100%|HS|  |TAMS 0x0000000087700000, 0x0000000087700000| Complete 
|  31|0x0000000087700000, 0x0000000087800000, 0x0000000087800000|100%| O|  |TAMS 0x0000000087800000, 0x0000000087800000| Untracked 
|  32|0x0000000087800000, 0x0000000087900000, 0x0000000087900000|100%| O|  |TAMS 0x0000000087900000, 0x0000000087900000| Untracked 
|  33|0x0000000087900000, 0x0000000087a00000, 0x0000000087a00000|100%| O|  |TAMS 0x0000000087a00000, 0x0000000087a00000| Untracked 
|  34|0x0000000087a00000, 0x0000000087b00000, 0x0000000087b00000|100%| O|  |TAMS 0x0000000087b00000, 0x0000000087b00000| Untracked 
|  35|0x0000000087b00000, 0x0000000087b00000, 0x0000000087c00000|  0%| F|  |TAMS 0x0000000087b00000, 0x0000000087b00000| Untracked 
|  36|0x0000000087c00000, 0x0000000087d00000, 0x0000000087d00000|100%| O|  |TAMS 0x0000000087c00000, 0x0000000087d00000| Untracked 
|  37|0x0000000087d00000, 0x0000000087e00000, 0x0000000087e00000|100%| O|  |TAMS 0x0000000087d00000, 0x0000000087e00000| Untracked 
|  38|0x0000000087e00000, 0x0000000087f00000, 0x0000000087f00000|100%| O|  |TAMS 0x0000000087f00000, 0x0000000087f00000| Untracked 
|  39|0x0000000087f00000, 0x0000000088000000, 0x0000000088000000|100%| O|  |TAMS 0x0000000088000000, 0x0000000088000000| Untracked 
|  40|0x0000000088000000, 0x0000000088100000, 0x0000000088100000|100%| O|  |TAMS 0x0000000088100000, 0x0000000088100000| Untracked 
|  41|0x0000000088100000, 0x0000000088200000, 0x0000000088200000|100%| O|  |TAMS 0x0000000088200000, 0x0000000088200000| Untracked 
|  42|0x0000000088200000, 0x0000000088200000, 0x0000000088300000|  0%| F|  |TAMS 0x0000000088200000, 0x0000000088200000| Untracked 
|  43|0x0000000088300000, 0x0000000088300000, 0x0000000088400000|  0%| F|  |TAMS 0x0000000088300000, 0x0000000088300000| Untracked 
|  44|0x0000000088400000, 0x0000000088400000, 0x0000000088500000|  0%| F|  |TAMS 0x0000000088400000, 0x0000000088400000| Untracked 
|  45|0x0000000088500000, 0x0000000088600000, 0x0000000088600000|100%| O|  |TAMS 0x0000000088600000, 0x0000000088600000| Untracked 
|  46|0x0000000088600000, 0x0000000088700000, 0x0000000088700000|100%| O|  |TAMS 0x0000000088700000, 0x0000000088700000| Untracked 
|  47|0x0000000088700000, 0x0000000088800000, 0x0000000088800000|100%| O|  |TAMS 0x0000000088800000, 0x0000000088800000| Untracked 
|  48|0x0000000088800000, 0x0000000088900000, 0x0000000088900000|100%| O|  |TAMS 0x0000000088900000, 0x0000000088900000| Untracked 
|  49|0x0000000088900000, 0x0000000088a00000, 0x0000000088a00000|100%| O|  |TAMS 0x0000000088a00000, 0x0000000088a00000| Untracked 
|  50|0x0000000088a00000, 0x0000000088b00000, 0x0000000088b00000|100%| O|  |TAMS 0x0000000088b00000, 0x0000000088b00000| Untracked 
|  51|0x0000000088b00000, 0x0000000088c00000, 0x0000000088c00000|100%| O|  |TAMS 0x0000000088b00000, 0x0000000088c00000| Untracked 
|  52|0x0000000088c00000, 0x0000000088c00000, 0x0000000088d00000|  0%| F|  |TAMS 0x0000000088c00000, 0x0000000088c00000| Untracked 
|  53|0x0000000088d00000, 0x0000000088d00000, 0x0000000088e00000|  0%| F|  |TAMS 0x0000000088d00000, 0x0000000088d00000| Untracked 
|  54|0x0000000088e00000, 0x0000000088e00000, 0x0000000088f00000|  0%| F|  |TAMS 0x0000000088e00000, 0x0000000088e00000| Untracked 
|  55|0x0000000088f00000, 0x0000000088f00000, 0x0000000089000000|  0%| F|  |TAMS 0x0000000088f00000, 0x0000000088f00000| Untracked 
|  56|0x0000000089000000, 0x0000000089000000, 0x0000000089100000|  0%| F|  |TAMS 0x0000000089000000, 0x0000000089000000| Untracked 
|  57|0x0000000089100000, 0x0000000089100000, 0x0000000089200000|  0%| F|  |TAMS 0x0000000089100000, 0x0000000089100000| Untracked 
|  58|0x0000000089200000, 0x0000000089200000, 0x0000000089300000|  0%| F|  |TAMS 0x0000000089200000, 0x0000000089200000| Untracked 
|  59|0x0000000089300000, 0x0000000089300000, 0x0000000089400000|  0%| F|  |TAMS 0x0000000089300000, 0x0000000089300000| Untracked 
|  60|0x0000000089400000, 0x0000000089400000, 0x0000000089500000|  0%| F|  |TAMS 0x0000000089400000, 0x0000000089400000| Untracked 
|  61|0x0000000089500000, 0x0000000089500000, 0x0000000089600000|  0%| F|  |TAMS 0x0000000089500000, 0x0000000089500000| Untracked 
|  62|0x0000000089600000, 0x0000000089600000, 0x0000000089700000|  0%| F|  |TAMS 0x0000000089600000, 0x0000000089600000| Untracked 
|  63|0x0000000089700000, 0x0000000089700000, 0x0000000089800000|  0%| F|  |TAMS 0x0000000089700000, 0x0000000089700000| Untracked 
|  64|0x0000000089800000, 0x0000000089800000, 0x0000000089900000|  0%| F|  |TAMS 0x0000000089800000, 0x0000000089800000| Untracked 
|  65|0x0000000089900000, 0x0000000089900000, 0x0000000089a00000|  0%| F|  |TAMS 0x0000000089900000, 0x0000000089900000| Untracked 
|  66|0x0000000089a00000, 0x0000000089a00000, 0x0000000089b00000|  0%| F|  |TAMS 0x0000000089a00000, 0x0000000089a00000| Untracked 
|  67|0x0000000089b00000, 0x0000000089b00000, 0x0000000089c00000|  0%| F|  |TAMS 0x0000000089b00000, 0x0000000089b00000| Untracked 
|  68|0x0000000089c00000, 0x0000000089c00000, 0x0000000089d00000|  0%| F|  |TAMS 0x0000000089c00000, 0x0000000089c00000| Untracked 
|  69|0x0000000089d00000, 0x0000000089d00000, 0x0000000089e00000|  0%| F|  |TAMS 0x0000000089d00000, 0x0000000089d00000| Untracked 
|  70|0x0000000089e00000, 0x0000000089e00000, 0x0000000089f00000|  0%| F|  |TAMS 0x0000000089e00000, 0x0000000089e00000| Untracked 
|  71|0x0000000089f00000, 0x0000000089f33fd8, 0x000000008a000000| 20%| S|CS|TAMS 0x0000000089f00000, 0x0000000089f00000| Complete 
|  72|0x000000008a000000, 0x000000008a100000, 0x000000008a100000|100%| S|CS|TAMS 0x000000008a000000, 0x000000008a000000| Complete 
|  73|0x000000008a100000, 0x000000008a200000, 0x000000008a200000|100%| S|CS|TAMS 0x000000008a100000, 0x000000008a100000| Complete 
|  74|0x000000008a200000, 0x000000008a200000, 0x000000008a300000|  0%| F|  |TAMS 0x000000008a200000, 0x000000008a200000| Untracked 
|  75|0x000000008a300000, 0x000000008a300000, 0x000000008a400000|  0%| F|  |TAMS 0x000000008a300000, 0x000000008a300000| Untracked 
|  76|0x000000008a400000, 0x000000008a400000, 0x000000008a500000|  0%| F|  |TAMS 0x000000008a400000, 0x000000008a400000| Untracked 
|  77|0x000000008a500000, 0x000000008a500000, 0x000000008a600000|  0%| F|  |TAMS 0x000000008a500000, 0x000000008a500000| Untracked 
|  78|0x000000008a600000, 0x000000008a600000, 0x000000008a700000|  0%| F|  |TAMS 0x000000008a600000, 0x000000008a600000| Untracked 
|  79|0x000000008a700000, 0x000000008a700000, 0x000000008a800000|  0%| F|  |TAMS 0x000000008a700000, 0x000000008a700000| Untracked 
|  80|0x000000008a800000, 0x000000008a800000, 0x000000008a900000|  0%| F|  |TAMS 0x000000008a800000, 0x000000008a800000| Untracked 
|  81|0x000000008a900000, 0x000000008a900000, 0x000000008aa00000|  0%| F|  |TAMS 0x000000008a900000, 0x000000008a900000| Untracked 
|  82|0x000000008aa00000, 0x000000008aa00000, 0x000000008ab00000|  0%| F|  |TAMS 0x000000008aa00000, 0x000000008aa00000| Untracked 
|  83|0x000000008ab00000, 0x000000008ab00000, 0x000000008ac00000|  0%| F|  |TAMS 0x000000008ab00000, 0x000000008ab00000| Untracked 
|  84|0x000000008ac00000, 0x000000008ac00000, 0x000000008ad00000|  0%| F|  |TAMS 0x000000008ac00000, 0x000000008ac00000| Untracked 
|  85|0x000000008ad00000, 0x000000008ad00000, 0x000000008ae00000|  0%| F|  |TAMS 0x000000008ad00000, 0x000000008ad00000| Untracked 
|  86|0x000000008ae00000, 0x000000008ae00000, 0x000000008af00000|  0%| F|  |TAMS 0x000000008ae00000, 0x000000008ae00000| Untracked 
|  87|0x000000008af00000, 0x000000008af00000, 0x000000008b000000|  0%| F|  |TAMS 0x000000008af00000, 0x000000008af00000| Untracked 
|  88|0x000000008b000000, 0x000000008b000000, 0x000000008b100000|  0%| F|  |TAMS 0x000000008b000000, 0x000000008b000000| Untracked 
|  89|0x000000008b100000, 0x000000008b100000, 0x000000008b200000|  0%| F|  |TAMS 0x000000008b100000, 0x000000008b100000| Untracked 
|  90|0x000000008b200000, 0x000000008b200000, 0x000000008b300000|  0%| F|  |TAMS 0x000000008b200000, 0x000000008b200000| Untracked 
|  91|0x000000008b300000, 0x000000008b300000, 0x000000008b400000|  0%| F|  |TAMS 0x000000008b300000, 0x000000008b300000| Untracked 
|  92|0x000000008b400000, 0x000000008b400000, 0x000000008b500000|  0%| F|  |TAMS 0x000000008b400000, 0x000000008b400000| Untracked 
|  93|0x000000008b500000, 0x000000008b500000, 0x000000008b600000|  0%| F|  |TAMS 0x000000008b500000, 0x000000008b500000| Untracked 
|  94|0x000000008b600000, 0x000000008b600000, 0x000000008b700000|  0%| F|  |TAMS 0x000000008b600000, 0x000000008b600000| Untracked 
|  95|0x000000008b700000, 0x000000008b700000, 0x000000008b800000|  0%| F|  |TAMS 0x000000008b700000, 0x000000008b700000| Untracked 
|  96|0x000000008b800000, 0x000000008b800000, 0x000000008b900000|  0%| F|  |TAMS 0x000000008b800000, 0x000000008b800000| Untracked 
|  97|0x000000008b900000, 0x000000008b900000, 0x000000008ba00000|  0%| F|  |TAMS 0x000000008b900000, 0x000000008b900000| Untracked 
|  98|0x000000008ba00000, 0x000000008ba00000, 0x000000008bb00000|  0%| F|  |TAMS 0x000000008ba00000, 0x000000008ba00000| Untracked 
|  99|0x000000008bb00000, 0x000000008bb00000, 0x000000008bc00000|  0%| F|  |TAMS 0x000000008bb00000, 0x000000008bb00000| Untracked 
| 100|0x000000008bc00000, 0x000000008bc00000, 0x000000008bd00000|  0%| F|  |TAMS 0x000000008bc00000, 0x000000008bc00000| Untracked 
| 101|0x000000008bd00000, 0x000000008bd00000, 0x000000008be00000|  0%| F|  |TAMS 0x000000008bd00000, 0x000000008bd00000| Untracked 
| 102|0x000000008be00000, 0x000000008be00000, 0x000000008bf00000|  0%| F|  |TAMS 0x000000008be00000, 0x000000008be00000| Untracked 
| 103|0x000000008bf00000, 0x000000008bf00000, 0x000000008c000000|  0%| F|  |TAMS 0x000000008bf00000, 0x000000008bf00000| Untracked 
| 104|0x000000008c000000, 0x000000008c000000, 0x000000008c100000|  0%| F|  |TAMS 0x000000008c000000, 0x000000008c000000| Untracked 
| 105|0x000000008c100000, 0x000000008c100000, 0x000000008c200000|  0%| F|  |TAMS 0x000000008c100000, 0x000000008c100000| Untracked 
| 106|0x000000008c200000, 0x000000008c200000, 0x000000008c300000|  0%| F|  |TAMS 0x000000008c200000, 0x000000008c200000| Untracked 
| 107|0x000000008c300000, 0x000000008c300000, 0x000000008c400000|  0%| F|  |TAMS 0x000000008c300000, 0x000000008c300000| Untracked 
| 108|0x000000008c400000, 0x000000008c400000, 0x000000008c500000|  0%| F|  |TAMS 0x000000008c400000, 0x000000008c400000| Untracked 
| 109|0x000000008c500000, 0x000000008c500000, 0x000000008c600000|  0%| F|  |TAMS 0x000000008c500000, 0x000000008c500000| Untracked 
| 110|0x000000008c600000, 0x000000008c600000, 0x000000008c700000|  0%| F|  |TAMS 0x000000008c600000, 0x000000008c600000| Untracked 
| 111|0x000000008c700000, 0x000000008c700000, 0x000000008c800000|  0%| F|  |TAMS 0x000000008c700000, 0x000000008c700000| Untracked 
| 112|0x000000008c800000, 0x000000008c800000, 0x000000008c900000|  0%| F|  |TAMS 0x000000008c800000, 0x000000008c800000| Untracked 
| 113|0x000000008c900000, 0x000000008c900000, 0x000000008ca00000|  0%| F|  |TAMS 0x000000008c900000, 0x000000008c900000| Untracked 
| 114|0x000000008ca00000, 0x000000008ca00000, 0x000000008cb00000|  0%| F|  |TAMS 0x000000008ca00000, 0x000000008ca00000| Untracked 
| 115|0x000000008cb00000, 0x000000008cb00000, 0x000000008cc00000|  0%| F|  |TAMS 0x000000008cb00000, 0x000000008cb00000| Untracked 
| 116|0x000000008cc00000, 0x000000008cc00000, 0x000000008cd00000|  0%| F|  |TAMS 0x000000008cc00000, 0x000000008cc00000| Untracked 
| 117|0x000000008cd00000, 0x000000008cd00000, 0x000000008ce00000|  0%| F|  |TAMS 0x000000008cd00000, 0x000000008cd00000| Untracked 
| 118|0x000000008ce00000, 0x000000008ce00000, 0x000000008cf00000|  0%| F|  |TAMS 0x000000008ce00000, 0x000000008ce00000| Untracked 
| 119|0x000000008cf00000, 0x000000008cf00000, 0x000000008d000000|  0%| F|  |TAMS 0x000000008cf00000, 0x000000008cf00000| Untracked 
| 120|0x000000008d000000, 0x000000008d000000, 0x000000008d100000|  0%| F|  |TAMS 0x000000008d000000, 0x000000008d000000| Untracked 
| 148|0x000000008ec00000, 0x000000008ec00000, 0x000000008ed00000|  0%| F|  |TAMS 0x000000008ec00000, 0x000000008ec00000| Untracked 
|1959|0x00000000fff00000, 0x00000000fff00000, 0x0000000100000000|  0%| F|  |TAMS 0x00000000fff00000, 0x00000000fff00000| Untracked 

Card table byte_map: [0x000002637fc10000,0x000002637fff0000] _byte_map_base: 0x000002637f7e4000

Marking Bits (Prev, Next): (CMBitMap*) 0x000002637f489350, (CMBitMap*) 0x000002637f489390
 Prev Bits: [0x0000026317fd0000, 0x0000026319e70000)
 Next Bits: [0x0000026319e70000, 0x000002631bd10000)

Polling page: 0x000002637e790000

Metaspace:

Usage:
  Non-class:     26.44 MB used.
      Class:      3.43 MB used.
       Both:     29.87 MB used.

Virtual space:
  Non-class space:       64.00 MB reserved,      26.62 MB ( 42%) committed,  1 nodes.
      Class space:        1.00 GB reserved,       3.62 MB ( <1%) committed,  1 nodes.
             Both:        1.06 GB reserved,      30.25 MB (  3%) committed. 

Chunk freelists:
   Non-Class:  4.97 MB
       Class:  12.38 MB
        Both:  17.35 MB

MaxMetaspaceSize: unlimited
CompressedClassSpaceSize: 1.00 GB
Initial GC threshold: 21.00 MB
Current GC threshold: 48.69 MB
CDS: on
MetaspaceReclaimPolicy: balanced
 - commit_granule_bytes: 65536.
 - commit_granule_words: 8192.
 - virtual_space_node_default_size: 8388608.
 - enlarge_chunks_in_place: 1.
 - new_chunks_are_fully_committed: 0.
 - uncommit_free_chunks: 1.
 - use_allocation_guard: 0.
 - handle_deallocations: 1.


Internal statistics:

num_allocs_failed_limit: 5.
num_arena_births: 232.
num_arena_deaths: 6.
num_vsnodes_births: 2.
num_vsnodes_deaths: 0.
num_space_committed: 501.
num_space_uncommitted: 17.
num_chunks_returned_to_freelist: 89.
num_chunks_taken_from_freelist: 1458.
num_chunk_merges: 25.
num_chunk_splits: 988.
num_chunks_enlarged: 767.
num_inconsistent_stats: 0.

CodeHeap 'non-profiled nmethods': size=120000Kb used=3883Kb max_used=3883Kb free=116116Kb
 bounds [0x00000263106c0000, 0x0000026310a90000, 0x0000026317bf0000]
CodeHeap 'profiled nmethods': size=120000Kb used=13293Kb max_used=13293Kb free=106706Kb
 bounds [0x0000026308bf0000, 0x00000263098f0000, 0x0000026310120000]
CodeHeap 'non-nmethods': size=5760Kb used=1240Kb max_used=1314Kb free=4519Kb
 bounds [0x0000026310120000, 0x0000026310390000, 0x00000263106c0000]
 total_blobs=6677 nmethods=6140 adapters=449
 compilation: enabled
              stopped_count=0, restarted_count=0
 full_count=0

Compilation events (20 events):
Event: 7.321 Thread 0x000002631e762ca0 7018       3       java.util.zip.ZipFile$ZipFileInflaterInputStream::available (44 bytes)
Event: 7.321 Thread 0x000002631e762ca0 nmethod 7018 0x00000263098e9310 code [0x00000263098e94e0, 0x00000263098e9868]
Event: 7.322 Thread 0x000002631e762ca0 7019   !   3       jdk.internal.loader.URLClassPath$JarLoader$1::run (175 bytes)
Event: 7.322 Thread 0x000002631e762ca0 nmethod 7019 0x00000263098e9990 code [0x00000263098e9bc0, 0x00000263098ea338]
Event: 7.322 Thread 0x000002631e762ca0 7020       3       jdk.internal.loader.URLClassPath$JarLoader::getJarFile (102 bytes)
Event: 7.323 Thread 0x000002631e762ca0 nmethod 7020 0x00000263098ea790 code [0x00000263098eaa60, 0x00000263098eb7c8]
Event: 7.323 Thread 0x000002631e762ca0 7021       3       java.util.jar.JarFile::runtimeVersion (4 bytes)
Event: 7.323 Thread 0x000002631e762ca0 nmethod 7021 0x0000026308f1b890 code [0x0000026308f1ba20, 0x0000026308f1bb18]
Event: 7.323 Thread 0x000002631e762ca0 7022   !   3       jdk.internal.loader.URLClassPath$JarLoader::checkJar (51 bytes)
Event: 7.323 Thread 0x000002631e762ca0 nmethod 7022 0x00000263098ebc90 code [0x00000263098ebe80, 0x00000263098ec368]
Event: 7.323 Thread 0x0000026366baa560 7023 %     4       java.util.Arrays::fill @ 5 (21 bytes)
Event: 7.326 Thread 0x0000026366baa560 nmethod 7023% 0x0000026310a8a490 code [0x0000026310a8a620, 0x0000026310a8a838]
Event: 7.328 Thread 0x0000026366baa560 7024  s    4       java.lang.Throwable::fillInStackTrace (29 bytes)
Event: 7.328 Thread 0x000002631e762ca0 7025       3       java.util.jar.JavaUtilJarAccessImpl::jarFileHasClassPathAttribute (5 bytes)
Event: 7.328 Thread 0x000002631e762ca0 nmethod 7025 0x00000263098ec590 code [0x00000263098ec740, 0x00000263098ec988]
Event: 7.328 Thread 0x000002631e762ca0 7026       3       java.util.jar.JarFile::hasClassPathAttribute (9 bytes)
Event: 7.329 Thread 0x000002631e762ca0 nmethod 7026 0x00000263098eca90 code [0x00000263098ecc20, 0x00000263098ecd68]
Event: 7.329 Thread 0x0000026366baa560 nmethod 7024 0x0000026310a8a990 code [0x0000026310a8ab20, 0x0000026310a8aea8]
Event: 7.331 Thread 0x000002631e762ca0 7027       3       com.google.inject.spi.Elements$RecordingBinder::bind (9 bytes)
Event: 7.331 Thread 0x000002631e762ca0 nmethod 7027 0x00000263098ece10 code [0x00000263098ed020, 0x00000263098ed678]

GC Heap History (20 events):
Event: 5.086 GC heap after
{Heap after GC invocations=8 (full 0):
 garbage-first heap   total 76800K, used 38334K [0x0000000085800000, 0x0000000100000000)
  region size 1024K, 1 young (1024K), 1 survivors (1024K)
 Metaspace       used 27260K, committed 27584K, reserved 1114112K
  class space    used 3173K, committed 3328K, reserved 1048576K
}
Event: 5.290 GC heap before
{Heap before GC invocations=8 (full 0):
 garbage-first heap   total 76800K, used 55742K [0x0000000085800000, 0x0000000100000000)
  region size 1024K, 19 young (19456K), 1 survivors (1024K)
 Metaspace       used 28359K, committed 28672K, reserved 1114112K
  class space    used 3298K, committed 3392K, reserved 1048576K
}
Event: 5.293 GC heap after
{Heap after GC invocations=9 (full 0):
 garbage-first heap   total 76800K, used 38540K [0x0000000085800000, 0x0000000100000000)
  region size 1024K, 2 young (2048K), 2 survivors (2048K)
 Metaspace       used 28359K, committed 28672K, reserved 1114112K
  class space    used 3298K, committed 3392K, reserved 1048576K
}
Event: 5.634 GC heap before
{Heap before GC invocations=10 (full 0):
 garbage-first heap   total 76800K, used 57996K [0x0000000085800000, 0x0000000100000000)
  region size 1024K, 21 young (21504K), 2 survivors (2048K)
 Metaspace       used 29559K, committed 29888K, reserved 1114112K
  class space    used 3448K, committed 3584K, reserved 1048576K
}
Event: 5.643 GC heap after
{Heap after GC invocations=11 (full 0):
 garbage-first heap   total 76800K, used 39719K [0x0000000085800000, 0x0000000100000000)
  region size 1024K, 3 young (3072K), 3 survivors (3072K)
 Metaspace       used 29559K, committed 29888K, reserved 1114112K
  class space    used 3448K, committed 3584K, reserved 1048576K
}
Event: 5.785 GC heap before
{Heap before GC invocations=11 (full 0):
 garbage-first heap   total 76800K, used 42791K [0x0000000085800000, 0x0000000100000000)
  region size 1024K, 8 young (8192K), 3 survivors (3072K)
 Metaspace       used 29584K, committed 29888K, reserved 1114112K
  class space    used 3448K, committed 3584K, reserved 1048576K
}
Event: 5.790 GC heap after
{Heap after GC invocations=12 (full 0):
 garbage-first heap   total 76800K, used 40313K [0x0000000085800000, 0x0000000100000000)
  region size 1024K, 1 young (1024K), 1 survivors (1024K)
 Metaspace       used 29584K, committed 29888K, reserved 1114112K
  class space    used 3448K, committed 3584K, reserved 1048576K
}
Event: 6.012 GC heap before
{Heap before GC invocations=13 (full 0):
 garbage-first heap   total 76800K, used 61817K [0x0000000085800000, 0x0000000100000000)
  region size 1024K, 20 young (20480K), 1 survivors (1024K)
 Metaspace       used 29656K, committed 29952K, reserved 1114112K
  class space    used 3448K, committed 3584K, reserved 1048576K
}
Event: 6.021 GC heap after
{Heap after GC invocations=14 (full 0):
 garbage-first heap   total 76800K, used 53248K [0x0000000085800000, 0x0000000100000000)
  region size 1024K, 3 young (3072K), 3 survivors (3072K)
 Metaspace       used 29656K, committed 29952K, reserved 1114112K
  class space    used 3448K, committed 3584K, reserved 1048576K
}
Event: 6.045 GC heap before
{Heap before GC invocations=14 (full 0):
 garbage-first heap   total 76800K, used 54272K [0x0000000085800000, 0x0000000100000000)
  region size 1024K, 4 young (4096K), 3 survivors (3072K)
 Metaspace       used 29656K, committed 29952K, reserved 1114112K
  class space    used 3448K, committed 3584K, reserved 1048576K
}
Event: 6.049 GC heap after
{Heap after GC invocations=15 (full 0):
 garbage-first heap   total 101376K, used 43436K [0x0000000085800000, 0x0000000100000000)
  region size 1024K, 1 young (1024K), 1 survivors (1024K)
 Metaspace       used 29656K, committed 29952K, reserved 1114112K
  class space    used 3448K, committed 3584K, reserved 1048576K
}
Event: 6.321 GC heap before
{Heap before GC invocations=15 (full 0):
 garbage-first heap   total 101376K, used 66988K [0x0000000085800000, 0x0000000100000000)
  region size 1024K, 24 young (24576K), 1 survivors (1024K)
 Metaspace       used 29677K, committed 29952K, reserved 1114112K
  class space    used 3448K, committed 3584K, reserved 1048576K
}
Event: 6.330 GC heap after
{Heap after GC invocations=16 (full 0):
 garbage-first heap   total 101376K, used 53057K [0x0000000085800000, 0x0000000100000000)
  region size 1024K, 3 young (3072K), 3 survivors (3072K)
 Metaspace       used 29677K, committed 29952K, reserved 1114112K
  class space    used 3448K, committed 3584K, reserved 1048576K
}
Event: 6.638 GC heap before
{Heap before GC invocations=16 (full 0):
 garbage-first heap   total 101376K, used 71489K [0x0000000085800000, 0x0000000100000000)
  region size 1024K, 22 young (22528K), 3 survivors (3072K)
 Metaspace       used 30461K, committed 30784K, reserved 1114112K
  class space    used 3550K, committed 3712K, reserved 1048576K
}
Event: 6.645 GC heap after
{Heap after GC invocations=17 (full 0):
 garbage-first heap   total 101376K, used 54572K [0x0000000085800000, 0x0000000100000000)
  region size 1024K, 1 young (1024K), 1 survivors (1024K)
 Metaspace       used 30461K, committed 30784K, reserved 1114112K
  class space    used 3550K, committed 3712K, reserved 1048576K
}
Event: 6.903 GC heap before
{Heap before GC invocations=18 (full 0):
 garbage-first heap   total 101376K, used 74028K [0x0000000085800000, 0x0000000100000000)
  region size 1024K, 21 young (21504K), 1 survivors (1024K)
 Metaspace       used 29433K, committed 29952K, reserved 1114112K
  class space    used 3414K, committed 3584K, reserved 1048576K
}
Event: 6.906 GC heap after
{Heap after GC invocations=19 (full 0):
 garbage-first heap   total 101376K, used 52698K [0x0000000085800000, 0x0000000100000000)
  region size 1024K, 1 young (1024K), 1 survivors (1024K)
 Metaspace       used 29433K, committed 29952K, reserved 1114112K
  class space    used 3414K, committed 3584K, reserved 1048576K
}
Event: 6.948 GC heap before
{Heap before GC invocations=19 (full 0):
 garbage-first heap   total 101376K, used 55770K [0x0000000085800000, 0x0000000100000000)
  region size 1024K, 4 young (4096K), 1 survivors (1024K)
 Metaspace       used 29443K, committed 29952K, reserved 1114112K
  class space    used 3415K, committed 3584K, reserved 1048576K
}
Event: 6.951 GC heap after
{Heap after GC invocations=20 (full 0):
 garbage-first heap   total 101376K, used 48468K [0x0000000085800000, 0x0000000100000000)
  region size 1024K, 1 young (1024K), 1 survivors (1024K)
 Metaspace       used 29443K, committed 29952K, reserved 1114112K
  class space    used 3415K, committed 3584K, reserved 1048576K
}
Event: 7.335 GC heap before
{Heap before GC invocations=20 (full 0):
 garbage-first heap   total 101376K, used 72020K [0x0000000085800000, 0x0000000100000000)
  region size 1024K, 25 young (25600K), 1 survivors (1024K)
 Metaspace       used 30588K, committed 30976K, reserved 1114112K
  class space    used 3516K, committed 3712K, reserved 1048576K
}

Deoptimization events (20 events):
Event: 7.089 Thread 0x000002637f42f960 Uncommon trap: trap_request=0xffffffde fr.pc=0x00000263107b1a9c relative=0x000000000000007c
Event: 7.089 Thread 0x000002637f42f960 Uncommon trap: reason=class_check action=maybe_recompile pc=0x00000263107b1a9c method=com.google.inject.internal.MoreTypes.getRawType(Ljava/lang/reflect/Type;)Ljava/lang/Class; @ 13 c2
Event: 7.089 Thread 0x000002637f42f960 DEOPT PACKING pc=0x00000263107b1a9c sp=0x000000c17e2fda50
Event: 7.089 Thread 0x000002637f42f960 DEOPT UNPACKING pc=0x0000026310175ba3 sp=0x000000c17e2fd9e0 mode 2
Event: 7.169 Thread 0x000002637f42f960 Uncommon trap: trap_request=0xffffff6e fr.pc=0x0000026310a687dc relative=0x000000000000013c
Event: 7.169 Thread 0x000002637f42f960 Uncommon trap: reason=loop_limit_check action=maybe_recompile pc=0x0000026310a687dc method=java.util.regex.Pattern$Start.match(Ljava/util/regex/Matcher;ILjava/lang/CharSequence;)Z @ 34 c2
Event: 7.169 Thread 0x000002637f42f960 DEOPT PACKING pc=0x0000026310a687dc sp=0x000000c17e2fc6a0
Event: 7.169 Thread 0x000002637f42f960 DEOPT UNPACKING pc=0x0000026310175ba3 sp=0x000000c17e2fc630 mode 2
Event: 7.198 Thread 0x000002637f42f960 Uncommon trap: trap_request=0xffffff45 fr.pc=0x000002631092abd8 relative=0x0000000000000378
Event: 7.198 Thread 0x000002637f42f960 Uncommon trap: reason=unstable_if action=reinterpret pc=0x000002631092abd8 method=org.apache.maven.model.merge.ModelMerger.mergeConfigurationContainer_Configuration(Lorg/apache/maven/model/ConfigurationContainer;Lorg/apache/maven/model/ConfigurationContai
Event: 7.198 Thread 0x000002637f42f960 DEOPT PACKING pc=0x000002631092abd8 sp=0x000000c17e2fbf40
Event: 7.198 Thread 0x000002637f42f960 DEOPT UNPACKING pc=0x0000026310175ba3 sp=0x000000c17e2fbe68 mode 2
Event: 7.284 Thread 0x000002637f42f960 Uncommon trap: trap_request=0xffffffcc fr.pc=0x0000026310a6723c relative=0x000000000000141c
Event: 7.284 Thread 0x000002637f42f960 Uncommon trap: reason=intrinsic_or_type_checked_inlining action=make_not_entrant pc=0x0000026310a6723c method=java.util.ArrayList.toArray([Ljava/lang/Object;)[Ljava/lang/Object; @ 36 c2
Event: 7.284 Thread 0x000002637f42f960 DEOPT PACKING pc=0x0000026310a6723c sp=0x000000c17e2fcbb0
Event: 7.284 Thread 0x000002637f42f960 DEOPT UNPACKING pc=0x0000026310175ba3 sp=0x000000c17e2fcaf8 mode 2
Event: 7.293 Thread 0x000002637f42f960 DEOPT PACKING pc=0x000002630957184a sp=0x000000c17e2fc860
Event: 7.293 Thread 0x000002637f42f960 DEOPT UNPACKING pc=0x00000263101766e3 sp=0x000000c17e2fbdf0 mode 0
Event: 7.324 Thread 0x000002637f42f960 DEOPT PACKING pc=0x000002630957184a sp=0x000000c17e2fc250
Event: 7.324 Thread 0x000002637f42f960 DEOPT UNPACKING pc=0x00000263101766e3 sp=0x000000c17e2fb7d0 mode 0

Classes unloaded (20 events):
Event: 6.671 Thread 0x000002631e738a30 Unloading class 0x000002632032e7c8 'lombok/javac/apt/MessagerDiagnosticsReceiver'
Event: 6.671 Thread 0x000002631e738a30 Unloading class 0x000002632032e420 'lombok/javac/apt/InterceptingJavaFileManager'
Event: 6.671 Thread 0x000002631e738a30 Unloading class 0x000002632032e218 'lombok/permit/dummy/Parent'
Event: 6.671 Thread 0x000002631e738a30 Unloading class 0x000002632032e000 'lombok/core/CleanupRegistry'
Event: 6.671 Thread 0x000002631e738a30 Unloading class 0x000002632032dde0 'lombok/permit/Permit$Fake'
Event: 6.671 Thread 0x000002631e738a30 Unloading class 0x000002632032dbe0 'lombok/permit/Permit'
Event: 6.671 Thread 0x000002631e738a30 Unloading class 0x000002632032d8f8 'lombok/javac/apt/LombokProcessor$1'
Event: 6.671 Thread 0x000002631e738a30 Unloading class 0x000002632032d700 'lombok/core/DiagnosticsReceiver'
Event: 6.671 Thread 0x000002631e738a30 Unloading class 0x000002632032d468 'lombok/javac/apt/LombokProcessor'
Event: 6.671 Thread 0x000002631e738a30 Unloading class 0x000002632032d238 'lombok/core/AnnotationProcessor$EcjDescriptor'
Event: 6.671 Thread 0x000002631e738a30 Unloading class 0x000002632032d000 'lombok/core/AnnotationProcessor$JavacDescriptor'
Event: 6.671 Thread 0x000002631e738a30 Unloading class 0x000002632032ca80 'lombok/core/AnnotationProcessor$ProcessorDescriptor'
Event: 6.671 Thread 0x000002631e738a30 Unloading class 0x000002632032c800 'lombok/core/AnnotationProcessor'
Event: 6.671 Thread 0x000002631e738a30 Unloading class 0x000002632035d800 'lombok/launch/AnnotationProcessorHider$ClaimingProcessor'
Event: 6.671 Thread 0x000002631e738a30 Unloading class 0x000002632032c498 'lombok/launch/AnnotationProcessorHider$AstModificationNotifierData'
Event: 6.671 Thread 0x000002631e738a30 Unloading class 0x000002632032c218 'lombok/launch/ClassFileMetaData'
Event: 6.671 Thread 0x000002631e738a30 Unloading class 0x000002632032c000 'lombok/launch/PackageShader'
Event: 6.671 Thread 0x000002631e738a30 Unloading class 0x0000026320304480 'lombok/launch/ShadowClassLoader'
Event: 6.671 Thread 0x000002631e738a30 Unloading class 0x0000026320304280 'lombok/launch/Main'
Event: 6.671 Thread 0x000002631e738a30 Unloading class 0x0000026320304000 'lombok/launch/AnnotationProcessorHider$AnnotationProcessor'

Classes redefined (0 events):
No events

Internal exceptions (20 events):
Event: 6.759 Thread 0x000002637f42f960 Exception <a 'sun/nio/fs/WindowsException'{0x000000008b0fb5c8}> (0x000000008b0fb5c8) 
thrown [s\open\src\hotspot\share\prims\jni.cpp, line 516]
Event: 6.759 Thread 0x000002637f42f960 Exception <a 'sun/nio/fs/WindowsException'{0x000000008b0fb978}> (0x000000008b0fb978) 
thrown [s\open\src\hotspot\share\prims\jni.cpp, line 516]
Event: 6.762 Thread 0x000002637f42f960 Exception <a 'sun/nio/fs/WindowsException'{0x000000008af1e210}> (0x000000008af1e210) 
thrown [s\open\src\hotspot\share\prims\jni.cpp, line 516]
Event: 6.762 Thread 0x000002637f42f960 Exception <a 'sun/nio/fs/WindowsException'{0x000000008af1e590}> (0x000000008af1e590) 
thrown [s\open\src\hotspot\share\prims\jni.cpp, line 516]
Event: 6.762 Thread 0x000002637f42f960 Exception <a 'sun/nio/fs/WindowsException'{0x000000008af1f630}> (0x000000008af1f630) 
thrown [s\open\src\hotspot\share\prims\jni.cpp, line 516]
Event: 6.762 Thread 0x000002637f42f960 Exception <a 'sun/nio/fs/WindowsException'{0x000000008af1f9e0}> (0x000000008af1f9e0) 
thrown [s\open\src\hotspot\share\prims\jni.cpp, line 516]
Event: 6.767 Thread 0x000002637f42f960 Exception <a 'sun/nio/fs/WindowsException'{0x000000008afff6f0}> (0x000000008afff6f0) 
thrown [s\open\src\hotspot\share\prims\jni.cpp, line 516]
Event: 6.771 Thread 0x000002637f42f960 Exception <a 'sun/nio/fs/WindowsException'{0x000000008ae19338}> (0x000000008ae19338) 
thrown [s\open\src\hotspot\share\prims\jni.cpp, line 516]
Event: 6.775 Thread 0x000002637f42f960 Exception <a 'sun/nio/fs/WindowsException'{0x000000008ae34c30}> (0x000000008ae34c30) 
thrown [s\open\src\hotspot\share\prims\jni.cpp, line 516]
Event: 6.775 Thread 0x000002637f42f960 Exception <a 'sun/nio/fs/WindowsException'{0x000000008ae353b0}> (0x000000008ae353b0) 
thrown [s\open\src\hotspot\share\prims\jni.cpp, line 516]
Event: 6.775 Thread 0x000002637f42f960 Exception <a 'sun/nio/fs/WindowsException'{0x000000008ae35970}> (0x000000008ae35970) 
thrown [s\open\src\hotspot\share\prims\jni.cpp, line 516]
Event: 6.775 Thread 0x000002637f42f960 Exception <a 'sun/nio/fs/WindowsException'{0x000000008ae360e0}> (0x000000008ae360e0) 
thrown [s\open\src\hotspot\share\prims\jni.cpp, line 516]
Event: 6.775 Thread 0x000002637f42f960 Exception <a 'sun/nio/fs/WindowsException'{0x000000008ae36470}> (0x000000008ae36470) 
thrown [s\open\src\hotspot\share\prims\jni.cpp, line 516]
Event: 6.775 Thread 0x000002637f42f960 Exception <a 'sun/nio/fs/WindowsException'{0x000000008ae37148}> (0x000000008ae37148) 
thrown [s\open\src\hotspot\share\prims\jni.cpp, line 516]
Event: 6.775 Thread 0x000002637f42f960 Exception <a 'sun/nio/fs/WindowsException'{0x000000008ae374a0}> (0x000000008ae374a0) 
thrown [s\open\src\hotspot\share\prims\jni.cpp, line 516]
Event: 6.775 Thread 0x000002637f42f960 Exception <a 'sun/nio/fs/WindowsException'{0x000000008ae38168}> (0x000000008ae38168) 
thrown [s\open\src\hotspot\share\prims\jni.cpp, line 516]
Event: 7.140 Thread 0x00000263658368e0 Exception <a 'java/lang/NoSuchMethodError'{0x000000008af9a8f0}: 'java.lang.Object java.lang.invoke.DirectMethodHandle$Holder.invokeStatic(java.lang.Object, java.lang.Object, long, java.lang.Object)'> (0x000000008af9a8f0) 
thrown [s\open\src\hotspot\share\interpreter\linkResolver.cpp, line 759]
Event: 7.141 Thread 0x00000263658368e0 Exception <a 'java/lang/NoSuchMethodError'{0x000000008af9de20}: 'java.lang.Object java.lang.invoke.DirectMethodHandle$Holder.invokeStaticInit(java.lang.Object, java.lang.Object, long, java.lang.Object)'> (0x000000008af9de20) 
thrown [s\open\src\hotspot\share\interpreter\linkResolver.cpp, line 759]
Event: 7.142 Thread 0x00000263658368e0 Exception <a 'java/lang/NoSuchMethodError'{0x000000008afa41c0}: 'java.lang.Object java.lang.invoke.DirectMethodHandle$Holder.newInvokeSpecial(java.lang.Object, java.lang.Object, long)'> (0x000000008afa41c0) 
thrown [s\open\src\hotspot\share\interpreter\linkResolver.cpp, line 759]
Event: 7.142 Thread 0x00000263658368e0 Exception <a 'java/lang/NoSuchMethodError'{0x000000008afa7d30}: 'java.lang.Object java.lang.invoke.Invokers$Holder.linkToTargetMethod(java.lang.Object, long, java.lang.Object)'> (0x000000008afa7d30) 
thrown [s\open\src\hotspot\share\interpreter\linkResolver.cpp, line 759]

VM Operations (20 events):
Event: 6.049 Executing VM operation: G1CollectForAllocation done
Event: 6.321 Executing VM operation: G1CollectForAllocation
Event: 6.330 Executing VM operation: G1CollectForAllocation done
Event: 6.638 Executing VM operation: G1CollectForAllocation
Event: 6.645 Executing VM operation: G1CollectForAllocation done
Event: 6.670 Executing VM operation: G1Concurrent
Event: 6.678 Executing VM operation: G1Concurrent done
Event: 6.689 Executing VM operation: G1Concurrent
Event: 6.689 Executing VM operation: G1Concurrent done
Event: 6.903 Executing VM operation: G1CollectForAllocation
Event: 6.906 Executing VM operation: G1CollectForAllocation done
Event: 6.948 Executing VM operation: G1CollectForAllocation
Event: 6.951 Executing VM operation: G1CollectForAllocation done
Event: 7.081 Executing VM operation: HandshakeAllThreads
Event: 7.081 Executing VM operation: HandshakeAllThreads done
Event: 7.083 Executing VM operation: HandshakeAllThreads
Event: 7.083 Executing VM operation: HandshakeAllThreads done
Event: 7.252 Executing VM operation: HandshakeAllThreads
Event: 7.252 Executing VM operation: HandshakeAllThreads done
Event: 7.335 Executing VM operation: G1CollectForAllocation

Events (20 events):
Event: 7.131 loading class java/lang/ProcessHandle done
Event: 7.131 loading class java/util/concurrent/CompletableFuture
Event: 7.132 loading class java/util/concurrent/CompletionStage
Event: 7.133 loading class java/util/concurrent/CompletionStage done
Event: 7.133 loading class java/util/concurrent/CompletableFuture done
Event: 7.133 loading class java/lang/ProcessHandle$Info
Event: 7.133 loading class java/lang/ProcessHandle$Info done
Event: 7.134 loading class java/lang/ProcessHandleImpl
Event: 7.134 loading class java/lang/ProcessHandleImpl done
Event: 7.144 loading class java/util/concurrent/SynchronousQueue
Event: 7.144 loading class java/util/concurrent/SynchronousQueue done
Event: 7.144 loading class java/util/concurrent/SynchronousQueue$TransferStack
Event: 7.145 loading class java/util/concurrent/SynchronousQueue$Transferer
Event: 7.145 loading class java/util/concurrent/SynchronousQueue$Transferer done
Event: 7.145 loading class java/util/concurrent/SynchronousQueue$TransferStack done
Event: 7.145 loading class java/util/concurrent/SynchronousQueue$TransferStack$SNode
Event: 7.146 loading class java/util/concurrent/SynchronousQueue$TransferStack$SNode done
Event: 7.147 Thread 0x00000263658368e0 Thread exited: 0x00000263658368e0
Event: 7.259 Thread 0x000002631e765120 flushing nmethod 0x0000026309609e90
Event: 7.259 Thread 0x000002631e765120 flushing nmethod 0x0000026309627190


Dynamic libraries:
0x00007ff606ef0000 - 0x00007ff606f00000 	C:\Program Files\Java\jdk-17\bin\java.exe
0x00007ffbb00a0000 - 0x00007ffbb0307000 	C:\WINDOWS\SYSTEM32\ntdll.dll
0x00007ffbaf6f0000 - 0x00007ffbaf7b9000 	C:\WINDOWS\System32\KERNEL32.DLL
0x00007ffbad6a0000 - 0x00007ffbada94000 	C:\WINDOWS\System32\KERNELBASE.dll
0x00007ffbad550000 - 0x00007ffbad69b000 	C:\WINDOWS\System32\ucrtbase.dll
0x00007ffb87dc0000 - 0x00007ffb87ddb000 	C:\Program Files\Java\jdk-17\bin\VCRUNTIME140.dll
0x00007ffb87da0000 - 0x00007ffb87db9000 	C:\Program Files\Java\jdk-17\bin\jli.dll
0x00007ffbadf00000 - 0x00007ffbadfb6000 	C:\WINDOWS\System32\ADVAPI32.dll
0x00007ffbaf5d0000 - 0x00007ffbaf679000 	C:\WINDOWS\System32\msvcrt.dll
0x00007ffbae3d0000 - 0x00007ffbae477000 	C:\WINDOWS\System32\sechost.dll
0x00007ffbae480000 - 0x00007ffbae598000 	C:\WINDOWS\System32\RPCRT4.dll
0x00007ffbaed10000 - 0x00007ffbaeed5000 	C:\WINDOWS\System32\USER32.dll
0x00007ffbadca0000 - 0x00007ffbadcc7000 	C:\WINDOWS\System32\win32u.dll
0x00007ffbafd70000 - 0x00007ffbafd9b000 	C:\WINDOWS\System32\GDI32.dll
0x00007ffb8e7e0000 - 0x00007ffb8ea73000 	C:\WINDOWS\WinSxS\amd64_microsoft.windows.common-controls_6595b64144ccf1df_6.0.26100.8115_none_3e075c82e3354f9c\COMCTL32.dll
0x00007ffbaca30000 - 0x00007ffbacb5b000 	C:\WINDOWS\System32\gdi32full.dll
0x00007ffbadd80000 - 0x00007ffbade23000 	C:\WINDOWS\System32\msvcp_win.dll
0x00007ffb99da0000 - 0x00007ffb99dab000 	C:\WINDOWS\SYSTEM32\VERSION.dll
0x00007ffbade30000 - 0x00007ffbade62000 	C:\WINDOWS\System32\IMM32.DLL
0x00007ffba7310000 - 0x00007ffba731c000 	C:\Program Files\Java\jdk-17\bin\vcruntime140_1.dll
0x00007ffb61380000 - 0x00007ffb6140e000 	C:\Program Files\Java\jdk-17\bin\msvcp140.dll
0x00007ffb25b50000 - 0x00007ffb2672f000 	C:\Program Files\Java\jdk-17\bin\server\jvm.dll
0x00007ffbafc50000 - 0x00007ffbafc58000 	C:\WINDOWS\System32\PSAPI.DLL
0x00007ffb8ed50000 - 0x00007ffb8ed5a000 	C:\WINDOWS\SYSTEM32\WSOCK32.dll
0x00007ffba2a80000 - 0x00007ffba2ab6000 	C:\WINDOWS\SYSTEM32\WINMM.dll
0x00007ffbaf040000 - 0x00007ffbaf0c0000 	C:\WINDOWS\System32\WS2_32.dll
0x00007ffbab700000 - 0x00007ffbab71b000 	C:\WINDOWS\SYSTEM32\kernel.appcore.dll
0x00007ffba7230000 - 0x00007ffba723a000 	C:\Program Files\Java\jdk-17\bin\jimage.dll
0x00007ffbaa7c0000 - 0x00007ffbaaa02000 	C:\WINDOWS\SYSTEM32\DBGHELP.DLL
0x00007ffbadfc0000 - 0x00007ffbae342000 	C:\WINDOWS\System32\combase.dll
0x00007ffbaef60000 - 0x00007ffbaf038000 	C:\WINDOWS\System32\OLEAUT32.dll
0x00007ffb8a9b0000 - 0x00007ffb8a9eb000 	C:\WINDOWS\SYSTEM32\dbgcore.DLL
0x00007ffbadcd0000 - 0x00007ffbadd75000 	C:\WINDOWS\System32\bcryptPrimitives.dll
0x00007ffb82880000 - 0x00007ffb828a5000 	C:\Program Files\Java\jdk-17\bin\java.dll
0x00007ffb58d60000 - 0x00007ffb58e37000 	C:\Program Files\Java\jdk-17\bin\jsvml.dll
0x00007ffbae5a0000 - 0x00007ffbaed07000 	C:\WINDOWS\System32\SHELL32.dll
0x00007ffbadb30000 - 0x00007ffbadc9a000 	C:\WINDOWS\System32\wintypes.dll
0x00007ffbacce0000 - 0x00007ffbad548000 	C:\WINDOWS\System32\windows.storage.dll
0x00007ffbafc70000 - 0x00007ffbafd68000 	C:\WINDOWS\System32\SHCORE.dll
0x00007ffbaf680000 - 0x00007ffbaf6e6000 	C:\WINDOWS\System32\shlwapi.dll
0x00007ffbac890000 - 0x00007ffbac8b9000 	C:\WINDOWS\SYSTEM32\profapi.dll
0x00007ffb7dd40000 - 0x00007ffb7dd59000 	C:\Program Files\Java\jdk-17\bin\net.dll
0x00007ffba6670000 - 0x00007ffba679d000 	C:\WINDOWS\SYSTEM32\WINHTTP.dll
0x00007ffbabc70000 - 0x00007ffbabcdc000 	C:\WINDOWS\system32\mswsock.dll
0x00007ffb7dd20000 - 0x00007ffb7dd36000 	C:\Program Files\Java\jdk-17\bin\nio.dll
0x00007ffb7d470000 - 0x00007ffb7d488000 	C:\Program Files\Java\jdk-17\bin\zip.dll
0x00007ffb7d340000 - 0x00007ffb7d364000 	C:\Program Files\apache-maven-3.9.9\lib\jansi-native\Windows\x86_64\jansi.dll
0x00007ffb8c730000 - 0x00007ffb8c740000 	C:\Program Files\Java\jdk-17\bin\verify.dll

dbghelp: loaded successfully - version: 4.0.5 - missing functions: none
symbol engine: initialized successfully - sym options: 0x614 - pdb path: .;C:\Program Files\Java\jdk-17\bin;C:\WINDOWS\SYSTEM32;C:\WINDOWS\WinSxS\amd64_microsoft.windows.common-controls_6595b64144ccf1df_6.0.26100.8115_none_3e075c82e3354f9c;C:\Program Files\Java\jdk-17\bin\server;C:\Program Files\apache-maven-3.9.9\lib\jansi-native\Windows\x86_64

VM Arguments:
jvm_args: -Dclassworlds.conf=C:/Program Files/apache-maven-3.9.9/bin/m2.conf -Dmaven.home=C:/Program Files/apache-maven-3.9.9 -Dlibrary.jansi.path=C:/Program Files/apache-maven-3.9.9/lib/jansi-native -Dmaven.multiModuleProjectDirectory=U:/Desktop/09_Projects/06_DevOps/02_Kubernetes/k8s_demo_spring_boot 
java_command: org.codehaus.plexus.classworlds.launcher.Launcher clean package -DskipTests
java_class_path (initial): C:/Program Files/apache-maven-3.9.9/boot/plexus-classworlds-2.8.0.jar
Launcher Type: SUN_STANDARD

[Global flags]
     intx CICompilerCount                          = 4                                         {product} {ergonomic}
     uint ConcGCThreads                            = 2                                         {product} {ergonomic}
     uint G1ConcRefinementThreads                  = 8                                         {product} {ergonomic}
   size_t G1HeapRegionSize                         = 1048576                                   {product} {ergonomic}
    uintx GCDrainStackTargetSize                   = 64                                        {product} {ergonomic}
   size_t InitialHeapSize                          = 130023424                                 {product} {ergonomic}
   size_t MarkStackSize                            = 4194304                                   {product} {ergonomic}
   size_t MaxHeapSize                              = 2055208960                                {product} {ergonomic}
   size_t MaxNewSize                               = 1233125376                                {product} {ergonomic}
   size_t MinHeapDeltaBytes                        = 1048576                                   {product} {ergonomic}
   size_t MinHeapSize                              = 8388608                                   {product} {ergonomic}
    uintx NonNMethodCodeHeapSize                   = 5839372                                {pd product} {ergonomic}
    uintx NonProfiledCodeHeapSize                  = 122909434                              {pd product} {ergonomic}
    uintx ProfiledCodeHeapSize                     = 122909434                              {pd product} {ergonomic}
    uintx ReservedCodeCacheSize                    = 251658240                              {pd product} {ergonomic}
     bool SegmentedCodeCache                       = true                                      {product} {ergonomic}
   size_t SoftMaxHeapSize                          = 2055208960                             {manageable} {ergonomic}
     bool UseCompressedClassPointers               = true                           {product lp64_product} {ergonomic}
     bool UseCompressedOops                        = true                           {product lp64_product} {ergonomic}
     bool UseG1GC                                  = true                                      {product} {ergonomic}
     bool UseLargePagesIndividualAllocation        = false                                  {pd product} {ergonomic}

Logging:
Log output configuration:
 #0: stdout all=warning uptime,level,tags
 #1: stderr all=off uptime,level,tags

Environment Variables:
PATH=C:\Program Files\Git\mingw64\bin;C:\Program Files\Git\usr\bin;C:\Users\mohas\bin;C:\Python314\Scripts;C:\Python314;C:\Python312\Scripts;C:\Python312;C:\Program Files\Java\jdk-17\bin;C:\WINDOWS\system32;C:\WINDOWS;C:\WINDOWS\System32\Wbem;C:\WINDOWS\System32\WindowsPowerShell\v1.0;C:\WINDOWS\System32\OpenSSH;C:\Program Files\Git\cmd;C:\Program Files\MySQL\MySQL Server 8.0\bin;C:\MinGW\bin;C:\ProgramData\chocolatey\bin;C:\Program Files\Dart\bin;C:\Program Files\apache-maven-3.9.9\bin;C:\Program Files\JetBrains\IntelliJ IDEA Community Edition 2023.3.1\bin\idea64.exe;C:\Program Files\Docker\Docker\resources\bin;C:\Program Files\Amazon\AWSCLI\bin;C:\Program Files\nodejs;C:\Program Files\MySQL\MySQL Shell 8.0\bin;C:\Users\mohas\AppData\Local\Microsoft\WindowsApps;C:\Program Files\JetBrains\IntelliJ IDEA Community Edition 2025.1.1.1\bin;C:\Users\mohas\AppData\Local\Programs\Microsoft VS Code\bin;C:\Program Files\heroku\bin;C:\Program Files\JetBrains\IntelliJ IDEA 2025.1.1.1\bin;C:\Users\mohas\AppData\Roaming\npm
USERNAME=Mohasin
OS=Windows_NT
PROCESSOR_IDENTIFIER=Intel64 Family 6 Model 140 Stepping 1, GenuineIntel



---------------  S Y S T E M  ---------------

OS:
 Windows 11 , 64 bit Build 26100 (10.0.26100.8246)
OS uptime: 0 days 16:28 hours
Hyper-V role detected

CPU: total 8 (initial active 8) (4 cores per cpu, 2 threads per core) family 6 model 140 stepping 1 microcode 0xb4, cx8, cmov, fxsr, ht, mmx, 3dnowpref, sse, sse2, sse3, ssse3, sse4.1, sse4.2, popcnt, lzcnt, tsc, tscinvbit, avx, avx2, aes, erms, clmul, bmi1, bmi2, adx, avx512f, avx512dq, avx512cd, avx512bw, avx512vl, sha, fma, vzeroupper, avx512_vpopcntdq, avx512_vpclmulqdq, avx512_vaes, avx512_vnni, clflush, clflushopt, clwb, avx512_vbmi2, avx512_vbmi, hv

Memory: 4k page, system-wide physical 7834M (851M free)
TotalPageFile size 16974M (AvailPageFile size 17M)
current process WorkingSet (physical memory assigned to process): 248M, peak: 257M
current process commit charge ("private bytes"): 303M, peak: 328M

vm_info: Java HotSpot(TM) 64-Bit Server VM (17.0.10+11-LTS-240) for windows-amd64 JRE (17.0.10+11-LTS-240), built on Dec 19 2023 21:47:25 by "mach5one" with MS VC++ 17.1 (VS2022)

END.
