#
# There is insufficient memory for the Java Runtime Environment to continue.
# Native memory allocation (malloc) failed to allocate 528176 bytes for Chunk::new
# Possible reasons:
#   The system is out of physical RAM or swap space
#   The process is running with CompressedOops enabled, and the Java Heap may be blocking the growth of the native heap
# Possible solutions:
#   Reduce memory load on the system
#   Increase physical memory or swap space
#   Check if swap backing store is full
#   Decrease Java heap size (-Xmx/-Xms)
#   Decrease number of Java threads
#   Decrease Java thread stack sizes (-Xss)
#   Set larger code cache with -XX:ReservedCodeCacheSize=
#   JVM is running with Unscaled Compressed Oops mode in which the Java heap is
#     placed in the first 4GB address space. The Java Heap base address is the
#     maximum limit for the native heap growth. Please use -XX:HeapBaseMinAddress
#     to set the Java Heap base and to place the Java Heap above 4GB virtual address.
# This output file may be truncated or incomplete.
#
#  Out of Memory Error (arena.cpp:189), pid=19668, tid=9924
#
# JRE version: Java(TM) SE Runtime Environment (17.0.10+11) (build 17.0.10+11-LTS-240)
# Java VM: Java HotSpot(TM) 64-Bit Server VM (17.0.10+11-LTS-240, mixed mode, sharing, tiered, compressed oops, compressed class ptrs, g1 gc, windows-amd64)
# No core dump will be written. Minidumps are not enabled by default on client versions of Windows
#

---------------  S U M M A R Y ------------

Command Line: -Dclassworlds.conf=C:/Program Files/apache-maven-3.9.9/bin/m2.conf -Dmaven.home=C:/Program Files/apache-maven-3.9.9 -Dlibrary.jansi.path=C:/Program Files/apache-maven-3.9.9/lib/jansi-native -Dmaven.multiModuleProjectDirectory=U:/Desktop/09_Projects/06_DevOps/02_Kubernetes/k8s_demo_spring_boot org.codehaus.plexus.classworlds.launcher.Launcher clean package -DskipTests

Host: 11th Gen Intel(R) Core(TM) i5-1135G7 @ 2.40GHz, 8 cores, 7G,  Windows 11 , 64 bit Build 26100 (10.0.26100.8246)
Time: Sat Apr 25 17:54:34 2026 India Standard Time elapsed time: 1.202663 seconds (0d 0h 0m 1s)

---------------  T H R E A D  ---------------

Current thread (0x000001f03d144620):  JavaThread "C2 CompilerThread0" daemon [_thread_in_native, id=9924, stack(0x000000463f600000,0x000000463f700000)]


Current CompileTask:
C2:   1202 1753   !   4       java.net.URL::<init> (543 bytes)

Stack: [0x000000463f600000,0x000000463f700000]
Native frames: (J=compiled Java code, j=interpreted, Vv=VM code, C=native code)
V  [jvm.dll+0x677a5a]
V  [jvm.dll+0x7d8b2d]
V  [jvm.dll+0x7da48e]
V  [jvm.dll+0x7daaf3]
V  [jvm.dll+0x2455ff]
V  [jvm.dll+0xaaafb]
V  [jvm.dll+0xab09c]
V  [jvm.dll+0x2aafef]
V  [jvm.dll+0x57fd55]
V  [jvm.dll+0x220472]
V  [jvm.dll+0x219335]
V  [jvm.dll+0x216c79]
V  [jvm.dll+0x1a3410]
V  [jvm.dll+0x226aeb]
V  [jvm.dll+0x224cab]
V  [jvm.dll+0x78e45c]
V  [jvm.dll+0x78888a]
V  [jvm.dll+0x676935]
C  [ucrtbase.dll+0x37b0]
C  [KERNEL32.DLL+0x2e8d7]
C  [ntdll.dll+0x8c3fc]


---------------  P R O C E S S  ---------------

Threads class SMR info:
_java_thread_list=0x000001f03de00d60, length=14, elements={
0x000001f01d2bd8e0, 0x000001f03d124dc0, 0x000001f03d1262f0, 0x000001f03d140690,
0x000001f03d141050, 0x000001f03d142580, 0x000001f03d146290, 0x000001f03d144620,
0x000001f03d14ffc0, 0x000001f03d161630, 0x000001f03d3b8090, 0x000001f03d3ba000,
0x000001f03d655a60, 0x000001f03d655fb0
}

Java Threads: ( => current thread )
  0x000001f01d2bd8e0 JavaThread "main" [_thread_in_Java, id=10176, stack(0x000000463e900000,0x000000463ea00000)]
  0x000001f03d124dc0 JavaThread "Reference Handler" daemon [_thread_blocked, id=9816, stack(0x000000463f000000,0x000000463f100000)]
  0x000001f03d1262f0 JavaThread "Finalizer" daemon [_thread_blocked, id=22632, stack(0x000000463f100000,0x000000463f200000)]
  0x000001f03d140690 JavaThread "Signal Dispatcher" daemon [_thread_blocked, id=11452, stack(0x000000463f200000,0x000000463f300000)]
  0x000001f03d141050 JavaThread "Attach Listener" daemon [_thread_blocked, id=11444, stack(0x000000463f300000,0x000000463f400000)]
  0x000001f03d142580 JavaThread "Service Thread" daemon [_thread_blocked, id=22216, stack(0x000000463f400000,0x000000463f500000)]
  0x000001f03d146290 JavaThread "Monitor Deflation Thread" daemon [_thread_blocked, id=14432, stack(0x000000463f500000,0x000000463f600000)]
=>0x000001f03d144620 JavaThread "C2 CompilerThread0" daemon [_thread_in_native, id=9924, stack(0x000000463f600000,0x000000463f700000)]
  0x000001f03d14ffc0 JavaThread "C1 CompilerThread0" daemon [_thread_in_native, id=22272, stack(0x000000463f700000,0x000000463f800000)]
  0x000001f03d161630 JavaThread "Sweeper thread" daemon [_thread_blocked, id=20984, stack(0x000000463f800000,0x000000463f900000)]
  0x000001f03d3b8090 JavaThread "Notification Thread" daemon [_thread_blocked, id=13832, stack(0x000000463f900000,0x000000463fa00000)]
  0x000001f03d3ba000 JavaThread "Common-Cleaner" daemon [_thread_blocked, id=23292, stack(0x000000463fb00000,0x000000463fc00000)]
  0x000001f03d655a60 JavaThread "C2 CompilerThread1" daemon [_thread_blocked, id=16564, stack(0x000000463fc00000,0x000000463fd00000)]
  0x000001f03d655fb0 JavaThread "C2 CompilerThread2" daemon [_thread_blocked, id=6400, stack(0x000000463fd00000,0x000000463fe00000)]

Other Threads:
  0x000001f03d120110 VMThread "VM Thread" [stack: 0x000000463ef00000,0x000000463f000000] [id=4668]
  0x000001f03d3b8980 WatcherThread [stack: 0x000000463fa00000,0x000000463fb00000] [id=17192]
  0x000001f01d31a370 GCTaskThread "GC Thread#0" [stack: 0x000000463ea00000,0x000000463eb00000] [id=21076]
  0x000001f07f0206f0 GCTaskThread "GC Thread#1" [stack: 0x000000463fe00000,0x000000463ff00000] [id=15832]
  0x000001f07f115860 GCTaskThread "GC Thread#2" [stack: 0x000000463ff00000,0x0000004640000000] [id=7160]
  0x000001f03ddf2610 GCTaskThread "GC Thread#3" [stack: 0x0000004640000000,0x0000004640100000] [id=4488]
  0x000001f03dd12200 GCTaskThread "GC Thread#4" [stack: 0x0000004640100000,0x0000004640200000] [id=20052]
  0x000001f07f056ea0 GCTaskThread "GC Thread#5" [stack: 0x0000004640200000,0x0000004640300000] [id=13184]
  0x000001f07f057160 GCTaskThread "GC Thread#6" [stack: 0x0000004640300000,0x0000004640400000] [id=6076]
  0x000001f07f16d7a0 GCTaskThread "GC Thread#7" [stack: 0x0000004640400000,0x0000004640500000] [id=19416]
  0x000001f01d32c6d0 ConcurrentGCThread "G1 Main Marker" [stack: 0x000000463eb00000,0x000000463ec00000] [id=13564]
  0x000001f01d32cfe0 ConcurrentGCThread "G1 Conc#0" [stack: 0x000000463ec00000,0x000000463ed00000] [id=6748]
  0x000001f03cfe20c0 ConcurrentGCThread "G1 Refine#0" [stack: 0x000000463ed00000,0x000000463ee00000] [id=4864]
  0x000001f03cfe2890 ConcurrentGCThread "G1 Service" [stack: 0x000000463ee00000,0x000000463ef00000] [id=23840]

Threads with active compile tasks:
C2 CompilerThread0     1214 1753   !   4       java.net.URL::<init> (543 bytes)
C1 CompilerThread0     1214 1792       3       java.lang.invoke.MethodTypeForm::canonicalizeAll (63 bytes)
C2 CompilerThread2     1214 1793       4       jdk.internal.org.objectweb.asm.Symbol::<init> (38 bytes)

VM state: not at safepoint (normal execution)

VM Mutex/Monitor currently owned by a thread:  ([mutex/lock_event])
[0x000001f01d2bc790] Compile_lock - owner thread: 0x000001f03d14ffc0

Heap address: 0x0000000085800000, size: 1960 MB, Compressed Oops mode: 32-bit

CDS archive(s) mapped at: [0x000001f03e000000-0x000001f03ebd0000-0x000001f03ebd0000), size 12386304, SharedBaseAddress: 0x000001f03e000000, ArchiveRelocationMode: 1.
Compressed class space mapped at: 0x000001f03f000000-0x000001f07f000000, reserved size: 1073741824
Narrow klass base: 0x000001f03e000000, Narrow klass shift: 0, Narrow klass range: 0x100000000

GC Precious Log:
 CPUs: 8 total, 8 available
 Memory: 7834M
 Large Page Support: Disabled
 NUMA Support: Disabled
 Compressed Oops: Enabled (32-bit)
 Heap Region Size: 1M
 Heap Min Capacity: 8M
 Heap Initial Capacity: 124M
 Heap Max Capacity: 1960M
 Pre-touch: Disabled
 Parallel Workers: 8
 Concurrent Workers: 2
 Concurrent Refinement Workers: 8
 Periodic GC: Disabled

Heap:
 garbage-first heap   total 126976K, used 7726K [0x0000000085800000, 0x0000000100000000)
  region size 1024K, 5 young (5120K), 2 survivors (2048K)
 Metaspace       used 10476K, committed 10752K, reserved 1114112K
  class space    used 1284K, committed 1408K, reserved 1048576K

Heap Regions: E=young(eden), S=young(survivor), O=old, HS=humongous(starts), HC=humongous(continues), CS=collection set, F=free, OA=open archive, CA=closed archive, TAMS=top-at-mark-start (previous, next)
|   0|0x0000000085800000, 0x0000000085900000, 0x0000000085900000|100%| O|  |TAMS 0x0000000085800000, 0x0000000085800000| Untracked 
|   1|0x0000000085900000, 0x0000000085a00000, 0x0000000085a00000|100%| O|  |TAMS 0x0000000085900000, 0x0000000085900000| Untracked 
|   2|0x0000000085a00000, 0x0000000085b00000, 0x0000000085b00000|100%| O|  |TAMS 0x0000000085a00000, 0x0000000085a00000| Untracked 
|   3|0x0000000085b00000, 0x0000000085b8b800, 0x0000000085c00000| 54%| O|  |TAMS 0x0000000085b00000, 0x0000000085b00000| Untracked 
|   4|0x0000000085c00000, 0x0000000085c00000, 0x0000000085d00000|  0%| F|  |TAMS 0x0000000085c00000, 0x0000000085c00000| Untracked 
|   5|0x0000000085d00000, 0x0000000085d00000, 0x0000000085e00000|  0%| F|  |TAMS 0x0000000085d00000, 0x0000000085d00000| Untracked 
|   6|0x0000000085e00000, 0x0000000085e00000, 0x0000000085f00000|  0%| F|  |TAMS 0x0000000085e00000, 0x0000000085e00000| Untracked 
|   7|0x0000000085f00000, 0x0000000085f00000, 0x0000000086000000|  0%| F|  |TAMS 0x0000000085f00000, 0x0000000085f00000| Untracked 
|   8|0x0000000086000000, 0x0000000086000000, 0x0000000086100000|  0%| F|  |TAMS 0x0000000086000000, 0x0000000086000000| Untracked 
|   9|0x0000000086100000, 0x0000000086100000, 0x0000000086200000|  0%| F|  |TAMS 0x0000000086100000, 0x0000000086100000| Untracked 
|  10|0x0000000086200000, 0x0000000086200000, 0x0000000086300000|  0%| F|  |TAMS 0x0000000086200000, 0x0000000086200000| Untracked 
|  11|0x0000000086300000, 0x0000000086300000, 0x0000000086400000|  0%| F|  |TAMS 0x0000000086300000, 0x0000000086300000| Untracked 
|  12|0x0000000086400000, 0x0000000086400000, 0x0000000086500000|  0%| F|  |TAMS 0x0000000086400000, 0x0000000086400000| Untracked 
|  13|0x0000000086500000, 0x0000000086500000, 0x0000000086600000|  0%| F|  |TAMS 0x0000000086500000, 0x0000000086500000| Untracked 
|  14|0x0000000086600000, 0x0000000086600000, 0x0000000086700000|  0%| F|  |TAMS 0x0000000086600000, 0x0000000086600000| Untracked 
|  15|0x0000000086700000, 0x0000000086700000, 0x0000000086800000|  0%| F|  |TAMS 0x0000000086700000, 0x0000000086700000| Untracked 
|  16|0x0000000086800000, 0x0000000086800000, 0x0000000086900000|  0%| F|  |TAMS 0x0000000086800000, 0x0000000086800000| Untracked 
|  17|0x0000000086900000, 0x0000000086900000, 0x0000000086a00000|  0%| F|  |TAMS 0x0000000086900000, 0x0000000086900000| Untracked 
|  18|0x0000000086a00000, 0x0000000086a00000, 0x0000000086b00000|  0%| F|  |TAMS 0x0000000086a00000, 0x0000000086a00000| Untracked 
|  19|0x0000000086b00000, 0x0000000086b00000, 0x0000000086c00000|  0%| F|  |TAMS 0x0000000086b00000, 0x0000000086b00000| Untracked 
|  20|0x0000000086c00000, 0x0000000086c00000, 0x0000000086d00000|  0%| F|  |TAMS 0x0000000086c00000, 0x0000000086c00000| Untracked 
|  21|0x0000000086d00000, 0x0000000086d00000, 0x0000000086e00000|  0%| F|  |TAMS 0x0000000086d00000, 0x0000000086d00000| Untracked 
|  22|0x0000000086e00000, 0x0000000086e00000, 0x0000000086f00000|  0%| F|  |TAMS 0x0000000086e00000, 0x0000000086e00000| Untracked 
|  23|0x0000000086f00000, 0x0000000086f00000, 0x0000000087000000|  0%| F|  |TAMS 0x0000000086f00000, 0x0000000086f00000| Untracked 
|  24|0x0000000087000000, 0x0000000087000000, 0x0000000087100000|  0%| F|  |TAMS 0x0000000087000000, 0x0000000087000000| Untracked 
|  25|0x0000000087100000, 0x0000000087100000, 0x0000000087200000|  0%| F|  |TAMS 0x0000000087100000, 0x0000000087100000| Untracked 
|  26|0x0000000087200000, 0x0000000087200000, 0x0000000087300000|  0%| F|  |TAMS 0x0000000087200000, 0x0000000087200000| Untracked 
|  27|0x0000000087300000, 0x0000000087300000, 0x0000000087400000|  0%| F|  |TAMS 0x0000000087300000, 0x0000000087300000| Untracked 
|  28|0x0000000087400000, 0x0000000087400000, 0x0000000087500000|  0%| F|  |TAMS 0x0000000087400000, 0x0000000087400000| Untracked 
|  29|0x0000000087500000, 0x0000000087500000, 0x0000000087600000|  0%| F|  |TAMS 0x0000000087500000, 0x0000000087500000| Untracked 
|  30|0x0000000087600000, 0x0000000087600000, 0x0000000087700000|  0%| F|  |TAMS 0x0000000087600000, 0x0000000087600000| Untracked 
|  31|0x0000000087700000, 0x0000000087700000, 0x0000000087800000|  0%| F|  |TAMS 0x0000000087700000, 0x0000000087700000| Untracked 
|  32|0x0000000087800000, 0x0000000087800000, 0x0000000087900000|  0%| F|  |TAMS 0x0000000087800000, 0x0000000087800000| Untracked 
|  33|0x0000000087900000, 0x0000000087900000, 0x0000000087a00000|  0%| F|  |TAMS 0x0000000087900000, 0x0000000087900000| Untracked 
|  34|0x0000000087a00000, 0x0000000087a00000, 0x0000000087b00000|  0%| F|  |TAMS 0x0000000087a00000, 0x0000000087a00000| Untracked 
|  35|0x0000000087b00000, 0x0000000087b00000, 0x0000000087c00000|  0%| F|  |TAMS 0x0000000087b00000, 0x0000000087b00000| Untracked 
|  36|0x0000000087c00000, 0x0000000087c00000, 0x0000000087d00000|  0%| F|  |TAMS 0x0000000087c00000, 0x0000000087c00000| Untracked 
|  37|0x0000000087d00000, 0x0000000087d00000, 0x0000000087e00000|  0%| F|  |TAMS 0x0000000087d00000, 0x0000000087d00000| Untracked 
|  38|0x0000000087e00000, 0x0000000087e00000, 0x0000000087f00000|  0%| F|  |TAMS 0x0000000087e00000, 0x0000000087e00000| Untracked 
|  39|0x0000000087f00000, 0x0000000087f00000, 0x0000000088000000|  0%| F|  |TAMS 0x0000000087f00000, 0x0000000087f00000| Untracked 
|  40|0x0000000088000000, 0x0000000088000000, 0x0000000088100000|  0%| F|  |TAMS 0x0000000088000000, 0x0000000088000000| Untracked 
|  41|0x0000000088100000, 0x0000000088100000, 0x0000000088200000|  0%| F|  |TAMS 0x0000000088100000, 0x0000000088100000| Untracked 
|  42|0x0000000088200000, 0x0000000088200000, 0x0000000088300000|  0%| F|  |TAMS 0x0000000088200000, 0x0000000088200000| Untracked 
|  43|0x0000000088300000, 0x0000000088300000, 0x0000000088400000|  0%| F|  |TAMS 0x0000000088300000, 0x0000000088300000| Untracked 
|  44|0x0000000088400000, 0x0000000088400000, 0x0000000088500000|  0%| F|  |TAMS 0x0000000088400000, 0x0000000088400000| Untracked 
|  45|0x0000000088500000, 0x0000000088500000, 0x0000000088600000|  0%| F|  |TAMS 0x0000000088500000, 0x0000000088500000| Untracked 
|  46|0x0000000088600000, 0x0000000088600000, 0x0000000088700000|  0%| F|  |TAMS 0x0000000088600000, 0x0000000088600000| Untracked 
|  47|0x0000000088700000, 0x0000000088700000, 0x0000000088800000|  0%| F|  |TAMS 0x0000000088700000, 0x0000000088700000| Untracked 
|  48|0x0000000088800000, 0x0000000088800000, 0x0000000088900000|  0%| F|  |TAMS 0x0000000088800000, 0x0000000088800000| Untracked 
|  49|0x0000000088900000, 0x0000000088900000, 0x0000000088a00000|  0%| F|  |TAMS 0x0000000088900000, 0x0000000088900000| Untracked 
|  50|0x0000000088a00000, 0x0000000088a00000, 0x0000000088b00000|  0%| F|  |TAMS 0x0000000088a00000, 0x0000000088a00000| Untracked 
|  51|0x0000000088b00000, 0x0000000088b00000, 0x0000000088c00000|  0%| F|  |TAMS 0x0000000088b00000, 0x0000000088b00000| Untracked 
|  52|0x0000000088c00000, 0x0000000088c00000, 0x0000000088d00000|  0%| F|  |TAMS 0x0000000088c00000, 0x0000000088c00000| Untracked 
|  53|0x0000000088d00000, 0x0000000088d00000, 0x0000000088e00000|  0%| F|  |TAMS 0x0000000088d00000, 0x0000000088d00000| Untracked 
|  54|0x0000000088e00000, 0x0000000088e00000, 0x0000000088f00000|  0%| F|  |TAMS 0x0000000088e00000, 0x0000000088e00000| Untracked 
|  55|0x0000000088f00000, 0x0000000088f00000, 0x0000000089000000|  0%| F|  |TAMS 0x0000000088f00000, 0x0000000088f00000| Untracked 
|  56|0x0000000089000000, 0x0000000089000000, 0x0000000089100000|  0%| F|  |TAMS 0x0000000089000000, 0x0000000089000000| Untracked 
|  57|0x0000000089100000, 0x0000000089100000, 0x0000000089200000|  0%| F|  |TAMS 0x0000000089100000, 0x0000000089100000| Untracked 
|  58|0x0000000089200000, 0x0000000089200000, 0x0000000089300000|  0%| F|  |TAMS 0x0000000089200000, 0x0000000089200000| Untracked 
|  59|0x0000000089300000, 0x0000000089300000, 0x0000000089400000|  0%| F|  |TAMS 0x0000000089300000, 0x0000000089300000| Untracked 
|  60|0x0000000089400000, 0x0000000089400000, 0x0000000089500000|  0%| F|  |TAMS 0x0000000089400000, 0x0000000089400000| Untracked 
|  61|0x0000000089500000, 0x0000000089500000, 0x0000000089600000|  0%| F|  |TAMS 0x0000000089500000, 0x0000000089500000| Untracked 
|  62|0x0000000089600000, 0x0000000089600000, 0x0000000089700000|  0%| F|  |TAMS 0x0000000089600000, 0x0000000089600000| Untracked 
|  63|0x0000000089700000, 0x0000000089700000, 0x0000000089800000|  0%| F|  |TAMS 0x0000000089700000, 0x0000000089700000| Untracked 
|  64|0x0000000089800000, 0x0000000089800000, 0x0000000089900000|  0%| F|  |TAMS 0x0000000089800000, 0x0000000089800000| Untracked 
|  65|0x0000000089900000, 0x0000000089900000, 0x0000000089a00000|  0%| F|  |TAMS 0x0000000089900000, 0x0000000089900000| Untracked 
|  66|0x0000000089a00000, 0x0000000089a00000, 0x0000000089b00000|  0%| F|  |TAMS 0x0000000089a00000, 0x0000000089a00000| Untracked 
|  67|0x0000000089b00000, 0x0000000089b00000, 0x0000000089c00000|  0%| F|  |TAMS 0x0000000089b00000, 0x0000000089b00000| Untracked 
|  68|0x0000000089c00000, 0x0000000089c00000, 0x0000000089d00000|  0%| F|  |TAMS 0x0000000089c00000, 0x0000000089c00000| Untracked 
|  69|0x0000000089d00000, 0x0000000089d00000, 0x0000000089e00000|  0%| F|  |TAMS 0x0000000089d00000, 0x0000000089d00000| Untracked 
|  70|0x0000000089e00000, 0x0000000089e00000, 0x0000000089f00000|  0%| F|  |TAMS 0x0000000089e00000, 0x0000000089e00000| Untracked 
|  71|0x0000000089f00000, 0x0000000089f00000, 0x000000008a000000|  0%| F|  |TAMS 0x0000000089f00000, 0x0000000089f00000| Untracked 
|  72|0x000000008a000000, 0x000000008a000000, 0x000000008a100000|  0%| F|  |TAMS 0x000000008a000000, 0x000000008a000000| Untracked 
|  73|0x000000008a100000, 0x000000008a100000, 0x000000008a200000|  0%| F|  |TAMS 0x000000008a100000, 0x000000008a100000| Untracked 
|  74|0x000000008a200000, 0x000000008a200000, 0x000000008a300000|  0%| F|  |TAMS 0x000000008a200000, 0x000000008a200000| Untracked 
|  75|0x000000008a300000, 0x000000008a300000, 0x000000008a400000|  0%| F|  |TAMS 0x000000008a300000, 0x000000008a300000| Untracked 
|  76|0x000000008a400000, 0x000000008a400000, 0x000000008a500000|  0%| F|  |TAMS 0x000000008a400000, 0x000000008a400000| Untracked 
|  77|0x000000008a500000, 0x000000008a500000, 0x000000008a600000|  0%| F|  |TAMS 0x000000008a500000, 0x000000008a500000| Untracked 
|  78|0x000000008a600000, 0x000000008a600000, 0x000000008a700000|  0%| F|  |TAMS 0x000000008a600000, 0x000000008a600000| Untracked 
|  79|0x000000008a700000, 0x000000008a700000, 0x000000008a800000|  0%| F|  |TAMS 0x000000008a700000, 0x000000008a700000| Untracked 
|  80|0x000000008a800000, 0x000000008a800000, 0x000000008a900000|  0%| F|  |TAMS 0x000000008a800000, 0x000000008a800000| Untracked 
|  81|0x000000008a900000, 0x000000008a900000, 0x000000008aa00000|  0%| F|  |TAMS 0x000000008a900000, 0x000000008a900000| Untracked 
|  82|0x000000008aa00000, 0x000000008aa00000, 0x000000008ab00000|  0%| F|  |TAMS 0x000000008aa00000, 0x000000008aa00000| Untracked 
|  83|0x000000008ab00000, 0x000000008ab00000, 0x000000008ac00000|  0%| F|  |TAMS 0x000000008ab00000, 0x000000008ab00000| Untracked 
|  84|0x000000008ac00000, 0x000000008ac00000, 0x000000008ad00000|  0%| F|  |TAMS 0x000000008ac00000, 0x000000008ac00000| Untracked 
|  85|0x000000008ad00000, 0x000000008ad00000, 0x000000008ae00000|  0%| F|  |TAMS 0x000000008ad00000, 0x000000008ad00000| Untracked 
|  86|0x000000008ae00000, 0x000000008ae00000, 0x000000008af00000|  0%| F|  |TAMS 0x000000008ae00000, 0x000000008ae00000| Untracked 
|  87|0x000000008af00000, 0x000000008af00000, 0x000000008b000000|  0%| F|  |TAMS 0x000000008af00000, 0x000000008af00000| Untracked 
|  88|0x000000008b000000, 0x000000008b100000, 0x000000008b100000|100%| S|CS|TAMS 0x000000008b000000, 0x000000008b000000| Complete 
|  89|0x000000008b100000, 0x000000008b200000, 0x000000008b200000|100%| S|CS|TAMS 0x000000008b100000, 0x000000008b100000| Complete 
|  90|0x000000008b200000, 0x000000008b200000, 0x000000008b300000|  0%| F|  |TAMS 0x000000008b200000, 0x000000008b200000| Untracked 
|  91|0x000000008b300000, 0x000000008b300000, 0x000000008b400000|  0%| F|  |TAMS 0x000000008b300000, 0x000000008b300000| Untracked 
|  92|0x000000008b400000, 0x000000008b400000, 0x000000008b500000|  0%| F|  |TAMS 0x000000008b400000, 0x000000008b400000| Untracked 
|  93|0x000000008b500000, 0x000000008b500000, 0x000000008b600000|  0%| F|  |TAMS 0x000000008b500000, 0x000000008b500000| Untracked 
|  94|0x000000008b600000, 0x000000008b600000, 0x000000008b700000|  0%| F|  |TAMS 0x000000008b600000, 0x000000008b600000| Untracked 
|  95|0x000000008b700000, 0x000000008b700000, 0x000000008b800000|  0%| F|  |TAMS 0x000000008b700000, 0x000000008b700000| Untracked 
|  96|0x000000008b800000, 0x000000008b800000, 0x000000008b900000|  0%| F|  |TAMS 0x000000008b800000, 0x000000008b800000| Untracked 
|  97|0x000000008b900000, 0x000000008b900000, 0x000000008ba00000|  0%| F|  |TAMS 0x000000008b900000, 0x000000008b900000| Untracked 
|  98|0x000000008ba00000, 0x000000008ba00000, 0x000000008bb00000|  0%| F|  |TAMS 0x000000008ba00000, 0x000000008ba00000| Untracked 
|  99|0x000000008bb00000, 0x000000008bb00000, 0x000000008bc00000|  0%| F|  |TAMS 0x000000008bb00000, 0x000000008bb00000| Untracked 
| 100|0x000000008bc00000, 0x000000008bc00000, 0x000000008bd00000|  0%| F|  |TAMS 0x000000008bc00000, 0x000000008bc00000| Untracked 
| 101|0x000000008bd00000, 0x000000008bd00000, 0x000000008be00000|  0%| F|  |TAMS 0x000000008bd00000, 0x000000008bd00000| Untracked 
| 102|0x000000008be00000, 0x000000008be00000, 0x000000008bf00000|  0%| F|  |TAMS 0x000000008be00000, 0x000000008be00000| Untracked 
| 103|0x000000008bf00000, 0x000000008bf00000, 0x000000008c000000|  0%| F|  |TAMS 0x000000008bf00000, 0x000000008bf00000| Untracked 
| 104|0x000000008c000000, 0x000000008c000000, 0x000000008c100000|  0%| F|  |TAMS 0x000000008c000000, 0x000000008c000000| Untracked 
| 105|0x000000008c100000, 0x000000008c100000, 0x000000008c200000|  0%| F|  |TAMS 0x000000008c100000, 0x000000008c100000| Untracked 
| 106|0x000000008c200000, 0x000000008c200000, 0x000000008c300000|  0%| F|  |TAMS 0x000000008c200000, 0x000000008c200000| Untracked 
| 107|0x000000008c300000, 0x000000008c300000, 0x000000008c400000|  0%| F|  |TAMS 0x000000008c300000, 0x000000008c300000| Untracked 
| 108|0x000000008c400000, 0x000000008c400000, 0x000000008c500000|  0%| F|  |TAMS 0x000000008c400000, 0x000000008c400000| Untracked 
| 109|0x000000008c500000, 0x000000008c500000, 0x000000008c600000|  0%| F|  |TAMS 0x000000008c500000, 0x000000008c500000| Untracked 
| 110|0x000000008c600000, 0x000000008c600000, 0x000000008c700000|  0%| F|  |TAMS 0x000000008c600000, 0x000000008c600000| Untracked 
| 111|0x000000008c700000, 0x000000008c700000, 0x000000008c800000|  0%| F|  |TAMS 0x000000008c700000, 0x000000008c700000| Untracked 
| 112|0x000000008c800000, 0x000000008c800000, 0x000000008c900000|  0%| F|  |TAMS 0x000000008c800000, 0x000000008c800000| Untracked 
| 113|0x000000008c900000, 0x000000008c900000, 0x000000008ca00000|  0%| F|  |TAMS 0x000000008c900000, 0x000000008c900000| Untracked 
| 114|0x000000008ca00000, 0x000000008ca00000, 0x000000008cb00000|  0%| F|  |TAMS 0x000000008ca00000, 0x000000008ca00000| Untracked 
| 115|0x000000008cb00000, 0x000000008cb00000, 0x000000008cc00000|  0%| F|  |TAMS 0x000000008cb00000, 0x000000008cb00000| Untracked 
| 116|0x000000008cc00000, 0x000000008cc00000, 0x000000008cd00000|  0%| F|  |TAMS 0x000000008cc00000, 0x000000008cc00000| Untracked 
| 117|0x000000008cd00000, 0x000000008cd00000, 0x000000008ce00000|  0%| F|  |TAMS 0x000000008cd00000, 0x000000008cd00000| Untracked 
| 118|0x000000008ce00000, 0x000000008ce00000, 0x000000008cf00000|  0%| F|  |TAMS 0x000000008ce00000, 0x000000008ce00000| Untracked 
| 119|0x000000008cf00000, 0x000000008cf00000, 0x000000008d000000|  0%| F|  |TAMS 0x000000008cf00000, 0x000000008cf00000| Untracked 
| 120|0x000000008d000000, 0x000000008d000000, 0x000000008d100000|  0%| F|  |TAMS 0x000000008d000000, 0x000000008d000000| Untracked 
| 121|0x000000008d100000, 0x000000008d180800, 0x000000008d200000| 50%| E|  |TAMS 0x000000008d100000, 0x000000008d100000| Complete 
| 122|0x000000008d200000, 0x000000008d300000, 0x000000008d300000|100%| E|CS|TAMS 0x000000008d200000, 0x000000008d200000| Complete 
| 123|0x000000008d300000, 0x000000008d400000, 0x000000008d400000|100%| E|CS|TAMS 0x000000008d300000, 0x000000008d300000| Complete 

Card table byte_map: [0x000001f0361b0000,0x000001f036590000] _byte_map_base: 0x000001f035d84000

Marking Bits (Prev, Next): (CMBitMap*) 0x000001f01d31c8a0, (CMBitMap*) 0x000001f01d31c8e0
 Prev Bits: [0x000001f036970000, 0x000001f038810000)
 Next Bits: [0x000001f038810000, 0x000001f03a6b0000)

Polling page: 0x000001f01d390000

Metaspace:

Usage:
  Non-class:      9.00 MB used.
      Class:      1.26 MB used.
       Both:     10.25 MB used.

Virtual space:
  Non-class space:       64.00 MB reserved,       9.12 MB ( 14%) committed,  1 nodes.
      Class space:        1.00 GB reserved,       1.38 MB ( <1%) committed,  1 nodes.
             Both:        1.06 GB reserved,      10.50 MB ( <1%) committed. 

Chunk freelists:
   Non-Class:  5.42 MB
       Class:  14.69 MB
        Both:  20.11 MB

MaxMetaspaceSize: unlimited
CompressedClassSpaceSize: 1.00 GB
Initial GC threshold: 21.00 MB
Current GC threshold: 21.00 MB
CDS: on
MetaspaceReclaimPolicy: balanced
 - commit_granule_bytes: 65536.
 - commit_granule_words: 8192.
 - virtual_space_node_default_size: 8388608.
 - enlarge_chunks_in_place: 1.
 - new_chunks_are_fully_committed: 0.
 - uncommit_free_chunks: 1.
 - use_allocation_guard: 0.
 - handle_deallocations: 1.


Internal statistics:

num_allocs_failed_limit: 0.
num_arena_births: 64.
num_arena_deaths: 0.
num_vsnodes_births: 2.
num_vsnodes_deaths: 0.
num_space_committed: 168.
num_space_uncommitted: 0.
num_chunks_returned_to_freelist: 0.
num_chunks_taken_from_freelist: 420.
num_chunk_merges: 0.
num_chunk_splits: 289.
num_chunks_enlarged: 235.
num_inconsistent_stats: 0.

CodeHeap 'non-profiled nmethods': size=120000Kb used=745Kb max_used=745Kb free=119254Kb
 bounds [0x000001f02de20000, 0x000001f02e090000, 0x000001f035350000]
CodeHeap 'profiled nmethods': size=120000Kb used=3589Kb max_used=3589Kb free=116410Kb
 bounds [0x000001f026350000, 0x000001f0266e0000, 0x000001f02d880000]
CodeHeap 'non-nmethods': size=5760Kb used=1168Kb max_used=1206Kb free=4591Kb
 bounds [0x000001f02d880000, 0x000001f02daf0000, 0x000001f02de20000]
 total_blobs=2243 nmethods=1795 adapters=361
 compilation: enabled
              stopped_count=0, restarted_count=0
 full_count=0

Compilation events (20 events):
Event: 1.192 Thread 0x000001f03d14ffc0 1769       3       java.lang.reflect.Constructor::getGenericParameterTypes (5 bytes)
Event: 1.193 Thread 0x000001f03d14ffc0 nmethod 1769 0x000001f0266bdd10 code [0x000001f0266bdfa0, 0x000001f0266bef18]
Event: 1.193 Thread 0x000001f03d14ffc0 1770       3       com.google.common.collect.Iterators$SingletonIterator::hasNext (13 bytes)
Event: 1.193 Thread 0x000001f03d14ffc0 nmethod 1770 0x000001f0266bf390 code [0x000001f0266bf520, 0x000001f0266bf698]
Event: 1.194 Thread 0x000001f03d14ffc0 1771       3       java.util.stream.Collectors$CollectorImpl::<init> (32 bytes)
Event: 1.194 Thread 0x000001f03d14ffc0 nmethod 1771 0x000001f0266bf710 code [0x000001f0266bf8c0, 0x000001f0266bfbf8]
Event: 1.195 Thread 0x000001f03d14ffc0 1773       3       java.util.stream.Collectors$CollectorImpl::<init> (13 bytes)
Event: 1.195 Thread 0x000001f03d14ffc0 nmethod 1773 0x000001f0266bfc90 code [0x000001f0266bfe60, 0x000001f0266c03d8]
Event: 1.195 Thread 0x000001f03d14ffc0 1774       3       java.util.stream.Collectors::castingIdentity (6 bytes)
Event: 1.195 Thread 0x000001f03d14ffc0 nmethod 1774 0x000001f0266c0590 code [0x000001f0266c0740, 0x000001f0266c0978]
Event: 1.195 Thread 0x000001f03d14ffc0 1776       3       com.google.inject.spi.Elements$RecordingBinder::<init> (151 bytes)
Event: 1.195 Thread 0x000001f03d14ffc0 nmethod 1776 0x000001f0266c0a90 code [0x000001f0266c0c80, 0x000001f0266c1588]
Event: 1.195 Thread 0x000001f03d14ffc0 1775       3       java.util.stream.ReferencePipeline::collect (124 bytes)
Event: 1.196 Thread 0x000001f03d14ffc0 nmethod 1775 0x000001f0266c1710 code [0x000001f0266c19a0, 0x000001f0266c2668]
Event: 1.198 Thread 0x000001f03d14ffc0 1777       3       org.eclipse.sisu.inject.TypeArguments::isConcrete (23 bytes)
Event: 1.198 Thread 0x000001f03d14ffc0 nmethod 1777 0x000001f0266c2a90 code [0x000001f0266c2c40, 0x000001f0266c2ee8]
Event: 1.198 Thread 0x000001f03d14ffc0 1778       3       com.google.inject.internal.MoreTypes::access$000 (6 bytes)
Event: 1.199 Thread 0x000001f03d14ffc0 nmethod 1778 0x000001f0266c3010 code [0x000001f0266c31e0, 0x000001f0266c3628]
Event: 1.199 Thread 0x000001f03d14ffc0 1779       3       com.google.inject.internal.MoreTypes::checkNotPrimitive (31 bytes)
Event: 1.199 Thread 0x000001f03d14ffc0 nmethod 1779 0x000001f0266c3710 code [0x000001f0266c38c0, 0x000001f0266c3ca8]

GC Heap History (4 events):
Event: 0.715 GC heap before
{Heap before GC invocations=0 (full 0):
 garbage-first heap   total 126976K, used 22528K [0x0000000085800000, 0x0000000100000000)
  region size 1024K, 23 young (23552K), 0 survivors (0K)
 Metaspace       used 5511K, committed 5696K, reserved 1114112K
  class space    used 666K, committed 768K, reserved 1048576K
}
Event: 0.722 GC heap after
{Heap after GC invocations=1 (full 0):
 garbage-first heap   total 126976K, used 3667K [0x0000000085800000, 0x0000000100000000)
  region size 1024K, 3 young (3072K), 3 survivors (3072K)
 Metaspace       used 5511K, committed 5696K, reserved 1114112K
  class space    used 666K, committed 768K, reserved 1048576K
}
Event: 1.164 GC heap before
{Heap before GC invocations=1 (full 0):
 garbage-first heap   total 126976K, used 35411K [0x0000000085800000, 0x0000000100000000)
  region size 1024K, 34 young (34816K), 3 survivors (3072K)
 Metaspace       used 10034K, committed 10176K, reserved 1114112K
  class space    used 1223K, committed 1280K, reserved 1048576K
}
Event: 1.171 GC heap after
{Heap after GC invocations=2 (full 0):
 garbage-first heap   total 126976K, used 5678K [0x0000000085800000, 0x0000000100000000)
  region size 1024K, 2 young (2048K), 2 survivors (2048K)
 Metaspace       used 10034K, committed 10176K, reserved 1114112K
  class space    used 1223K, committed 1280K, reserved 1048576K
}

Deoptimization events (20 events):
Event: 1.125 Thread 0x000001f01d2bd8e0 Uncommon trap: trap_request=0xffffffc6 fr.pc=0x000001f02dea9c90 relative=0x0000000000000430
Event: 1.125 Thread 0x000001f01d2bd8e0 Uncommon trap: reason=bimorphic_or_optimized_type_check action=maybe_recompile pc=0x000001f02dea9c90 method=java.util.HashMap.getNode(Ljava/lang/Object;)Ljava/util/HashMap$Node; @ 63 c2
Event: 1.125 Thread 0x000001f01d2bd8e0 DEOPT PACKING pc=0x000001f02dea9c90 sp=0x000000463e9fdfd0
Event: 1.125 Thread 0x000001f01d2bd8e0 DEOPT UNPACKING pc=0x000001f02d8d5ba3 sp=0x000000463e9fdf48 mode 2
Event: 1.162 Thread 0x000001f01d2bd8e0 Uncommon trap: trap_request=0xffffffd6 fr.pc=0x000001f02ded6e68 relative=0x0000000000000148
Event: 1.162 Thread 0x000001f01d2bd8e0 Uncommon trap: reason=array_check action=maybe_recompile pc=0x000001f02ded6e68 method=java.util.stream.Nodes$FixedNodeBuilder.accept(Ljava/lang/Object;)V @ 28 c2
Event: 1.162 Thread 0x000001f01d2bd8e0 DEOPT PACKING pc=0x000001f02ded6e68 sp=0x000000463e9fdb40
Event: 1.162 Thread 0x000001f01d2bd8e0 DEOPT UNPACKING pc=0x000001f02d8d5ba3 sp=0x000000463e9fdaf0 mode 2
Event: 1.162 Thread 0x000001f01d2bd8e0 Uncommon trap: trap_request=0xffffffd6 fr.pc=0x000001f02ded6e68 relative=0x0000000000000148
Event: 1.162 Thread 0x000001f01d2bd8e0 Uncommon trap: reason=array_check action=maybe_recompile pc=0x000001f02ded6e68 method=java.util.stream.Nodes$FixedNodeBuilder.accept(Ljava/lang/Object;)V @ 28 c2
Event: 1.162 Thread 0x000001f01d2bd8e0 DEOPT PACKING pc=0x000001f02ded6e68 sp=0x000000463e9fdb40
Event: 1.162 Thread 0x000001f01d2bd8e0 DEOPT UNPACKING pc=0x000001f02d8d5ba3 sp=0x000000463e9fdaf0 mode 2
Event: 1.162 Thread 0x000001f01d2bd8e0 Uncommon trap: trap_request=0xffffffd6 fr.pc=0x000001f02ded6e68 relative=0x0000000000000148
Event: 1.162 Thread 0x000001f01d2bd8e0 Uncommon trap: reason=array_check action=maybe_recompile pc=0x000001f02ded6e68 method=java.util.stream.Nodes$FixedNodeBuilder.accept(Ljava/lang/Object;)V @ 28 c2
Event: 1.162 Thread 0x000001f01d2bd8e0 DEOPT PACKING pc=0x000001f02ded6e68 sp=0x000000463e9fdb20
Event: 1.162 Thread 0x000001f01d2bd8e0 DEOPT UNPACKING pc=0x000001f02d8d5ba3 sp=0x000000463e9fdad0 mode 2
Event: 1.162 Thread 0x000001f01d2bd8e0 Uncommon trap: trap_request=0xffffffd6 fr.pc=0x000001f02ded6e68 relative=0x0000000000000148
Event: 1.162 Thread 0x000001f01d2bd8e0 Uncommon trap: reason=array_check action=maybe_recompile pc=0x000001f02ded6e68 method=java.util.stream.Nodes$FixedNodeBuilder.accept(Ljava/lang/Object;)V @ 28 c2
Event: 1.162 Thread 0x000001f01d2bd8e0 DEOPT PACKING pc=0x000001f02ded6e68 sp=0x000000463e9fdb20
Event: 1.162 Thread 0x000001f01d2bd8e0 DEOPT UNPACKING pc=0x000001f02d8d5ba3 sp=0x000000463e9fdad0 mode 2

Classes unloaded (0 events):
No events

Classes redefined (0 events):
No events

Internal exceptions (20 events):
Event: 0.257 Thread 0x000001f01d2bd8e0 Exception <a 'java/lang/NoSuchMethodError'{0x000000008cf58a38}: 'java.lang.Object java.lang.invoke.DirectMethodHandle$Holder.newInvokeSpecial(java.lang.Object, long, java.lang.Object)'> (0x000000008cf58a38) 
thrown [s\open\src\hotspot\share\interpreter\linkResolver.cpp, line 759]
Event: 0.259 Thread 0x000001f01d2bd8e0 Exception <a 'java/lang/NullPointerException'{0x000000008cf65100}> (0x000000008cf65100) 
thrown [s\open\src\hotspot\share\interpreter\linkResolver.cpp, line 1350]
Event: 0.259 Thread 0x000001f01d2bd8e0 Exception <a 'java/lang/NullPointerException'{0x000000008cf653d8}> (0x000000008cf653d8) 
thrown [s\open\src\hotspot\share\interpreter\linkResolver.cpp, line 1350]
Event: 0.259 Thread 0x000001f01d2bd8e0 Exception <a 'java/lang/NullPointerException'{0x000000008cf656b0}> (0x000000008cf656b0) 
thrown [s\open\src\hotspot\share\interpreter\linkResolver.cpp, line 1350]
Event: 0.261 Thread 0x000001f01d2bd8e0 Exception <a 'java/lang/NullPointerException'{0x000000008cf6bc00}> (0x000000008cf6bc00) 
thrown [s\open\src\hotspot\share\interpreter\linkResolver.cpp, line 1350]
Event: 0.264 Thread 0x000001f01d2bd8e0 Exception <a 'java/lang/NullPointerException'{0x000000008cff81e0}> (0x000000008cff81e0) 
thrown [s\open\src\hotspot\share\interpreter\linkResolver.cpp, line 1350]
Event: 0.264 Thread 0x000001f01d2bd8e0 Exception <a 'java/lang/NullPointerException'{0x000000008cff84b8}> (0x000000008cff84b8) 
thrown [s\open\src\hotspot\share\interpreter\linkResolver.cpp, line 1350]
Event: 0.264 Thread 0x000001f01d2bd8e0 Exception <a 'java/lang/NullPointerException'{0x000000008cff8790}> (0x000000008cff8790) 
thrown [s\open\src\hotspot\share\interpreter\linkResolver.cpp, line 1350]
Event: 0.264 Thread 0x000001f01d2bd8e0 Exception <a 'java/lang/NullPointerException'{0x000000008cff8a68}> (0x000000008cff8a68) 
thrown [s\open\src\hotspot\share\interpreter\linkResolver.cpp, line 1350]
Event: 0.288 Thread 0x000001f01d2bd8e0 Exception <a 'java/lang/NoSuchMethodError'{0x000000008ce77f68}: 'void java.lang.invoke.DirectMethodHandle$Holder.invokeStatic(java.lang.Object, java.lang.Object)'> (0x000000008ce77f68) 
thrown [s\open\src\hotspot\share\interpreter\linkResolver.cpp, line 759]
Event: 0.289 Thread 0x000001f01d2bd8e0 Exception <a 'java/lang/NoSuchMethodError'{0x000000008ce7b880}: 'void java.lang.invoke.DirectMethodHandle$Holder.invokeStaticInit(java.lang.Object, java.lang.Object)'> (0x000000008ce7b880) 
thrown [s\open\src\hotspot\share\interpreter\linkResolver.cpp, line 759]
Event: 0.307 Thread 0x000001f01d2bd8e0 Exception <a 'java/lang/NoSuchMethodError'{0x000000008cec7018}: 'void java.lang.invoke.DirectMethodHandle$Holder.invokeStatic(java.lang.Object, java.lang.Object, java.lang.Object)'> (0x000000008cec7018) 
thrown [s\open\src\hotspot\share\interpreter\linkResolver.cpp, line 759]
Event: 0.356 Thread 0x000001f01d2bd8e0 Exception <a 'java/lang/NoSuchMethodError'{0x000000008cc4d860}: 'java.lang.Object java.lang.invoke.DirectMethodHandle$Holder.invokeSpecialIFC(java.lang.Object, java.lang.Object, java.lang.Object, java.lang.Object)'> (0x000000008cc4d860) 
thrown [s\open\src\hotspot\share\interpreter\linkResolver.cpp, line 759]
Event: 0.485 Thread 0x000001f01d2bd8e0 Exception <a 'java/lang/NoSuchMethodError'{0x000000008c616a60}: 'void java.lang.invoke.DirectMethodHandle$Holder.invokeSpecial(java.lang.Object, java.lang.Object, java.lang.Object)'> (0x000000008c616a60) 
thrown [s\open\src\hotspot\share\interpreter\linkResolver.cpp, line 759]
Event: 0.515 Thread 0x000001f01d2bd8e0 Exception <a 'java/lang/NoSuchMethodError'{0x000000008c5707e0}: 'java.lang.Object java.lang.invoke.DirectMethodHandle$Holder.invokeInterface(java.lang.Object, java.lang.Object)'> (0x000000008c5707e0) 
thrown [s\open\src\hotspot\share\interpreter\linkResolver.cpp, line 759]
Event: 0.527 Thread 0x000001f01d2bd8e0 Exception <a 'java/lang/NoSuchMethodError'{0x000000008c418e40}: 'java.lang.Object java.lang.invoke.Invokers$Holder.invokeExact_MT(java.lang.Object, java.lang.Object, java.lang.Object, java.lang.Object, java.lang.Object, java.lang.Object)'> (0x000000008c418e40) 
thrown [s\open\src\hotspot\share\interpreter\linkResolver.cpp, line 759]
Event: 0.529 Thread 0x000001f01d2bd8e0 Exception <a 'java/lang/NoSuchMethodError'{0x000000008c42a2a0}: 'int java.lang.invoke.DirectMethodHandle$Holder.invokeSpecialIFC(java.lang.Object, java.lang.Object, java.lang.Object, java.lang.Object, java.lang.Object)'> (0x000000008c42a2a0) 
thrown [s\open\src\hotspot\share\interpreter\linkResolver.cpp, line 759]
Event: 0.579 Thread 0x000001f01d2bd8e0 Exception <a 'java/lang/NoSuchMethodError'{0x000000008c3c94f0}: 'java.lang.Object java.lang.invoke.DirectMethodHandle$Holder.newInvokeSpecial(java.lang.Object, java.lang.Object, java.lang.Object, java.lang.Object, java.lang.Object)'> (0x000000008c3c94f0) 
thrown [s\open\src\hotspot\share\interpreter\linkResolver.cpp, line 759]
Event: 0.627 Thread 0x000001f01d2bd8e0 Exception <a 'java/lang/NoSuchMethodError'{0x000000008c2cd2e0}: 'int java.lang.invoke.DirectMethodHandle$Holder.invokeStaticInit(java.lang.Object, java.lang.Object)'> (0x000000008c2cd2e0) 
thrown [s\open\src\hotspot\share\interpreter\linkResolver.cpp, line 759]
Event: 0.639 Thread 0x000001f01d2bd8e0 Exception <a 'java/lang/NoClassDefFoundError'{0x000000008c106e80}: javax/enterprise/inject/Typed> (0x000000008c106e80) 
thrown [s\open\src\hotspot\share\classfile\systemDictionary.cpp, line 245]

VM Operations (20 events):
Event: 0.092 Executing VM operation: HandshakeAllThreads
Event: 0.092 Executing VM operation: HandshakeAllThreads done
Event: 0.239 Executing VM operation: HandshakeAllThreads
Event: 0.239 Executing VM operation: HandshakeAllThreads done
Event: 0.256 Executing VM operation: HandshakeAllThreads
Event: 0.256 Executing VM operation: HandshakeAllThreads done
Event: 0.366 Executing VM operation: HandshakeAllThreads
Event: 0.366 Executing VM operation: HandshakeAllThreads done
Event: 0.692 Executing VM operation: ICBufferFull
Event: 0.692 Executing VM operation: ICBufferFull done
Event: 0.714 Executing VM operation: G1CollectForAllocation
Event: 0.722 Executing VM operation: G1CollectForAllocation done
Event: 1.005 Executing VM operation: HandshakeAllThreads
Event: 1.005 Executing VM operation: HandshakeAllThreads done
Event: 1.043 Executing VM operation: HandshakeAllThreads
Event: 1.043 Executing VM operation: HandshakeAllThreads done
Event: 1.124 Executing VM operation: ICBufferFull
Event: 1.124 Executing VM operation: ICBufferFull done
Event: 1.164 Executing VM operation: G1CollectForAllocation
Event: 1.171 Executing VM operation: G1CollectForAllocation done

Events (20 events):
Event: 1.078 loading class sun/reflect/generics/repository/ConstructorRepository
Event: 1.079 loading class sun/reflect/generics/repository/ConstructorRepository done
Event: 1.079 loading class sun/reflect/generics/tree/VoidDescriptor
Event: 1.079 loading class sun/reflect/generics/tree/VoidDescriptor done
Event: 1.079 loading class sun/reflect/generics/tree/MethodTypeSignature
Event: 1.079 loading class sun/reflect/generics/tree/MethodTypeSignature done
Event: 1.147 loading class sun/reflect/generics/repository/FieldRepository
Event: 1.147 loading class sun/reflect/generics/repository/FieldRepository done
Event: 1.154 loading class java/io/UncheckedIOException
Event: 1.154 loading class java/io/UncheckedIOException done
Event: 1.158 loading class java/util/concurrent/atomic/AtomicBoolean
Event: 1.158 loading class java/util/concurrent/atomic/AtomicBoolean done
Event: 1.161 loading class java/nio/channels/OverlappingFileLockException
Event: 1.161 loading class java/nio/channels/OverlappingFileLockException done
Event: 1.161 loading class java/nio/channels/FileLock
Event: 1.161 loading class java/nio/channels/FileLock done
Event: 1.186 loading class java/nio/file/AccessDeniedException
Event: 1.186 loading class java/nio/file/FileSystemException
Event: 1.186 loading class java/nio/file/FileSystemException done
Event: 1.186 loading class java/nio/file/AccessDeniedException done


Dynamic libraries:
0x00007ff606ef0000 - 0x00007ff606f00000 	C:\Program Files\Java\jdk-17\bin\java.exe
0x00007ffbb00a0000 - 0x00007ffbb0307000 	C:\WINDOWS\SYSTEM32\ntdll.dll
0x00007ffbaf6f0000 - 0x00007ffbaf7b9000 	C:\WINDOWS\System32\KERNEL32.DLL
0x00007ffbad6a0000 - 0x00007ffbada94000 	C:\WINDOWS\System32\KERNELBASE.dll
0x00007ffbad550000 - 0x00007ffbad69b000 	C:\WINDOWS\System32\ucrtbase.dll
0x00007ffb87dc0000 - 0x00007ffb87dd9000 	C:\Program Files\Java\jdk-17\bin\jli.dll
0x00007ffb87da0000 - 0x00007ffb87dbb000 	C:\Program Files\Java\jdk-17\bin\VCRUNTIME140.dll
0x00007ffbadf00000 - 0x00007ffbadfb6000 	C:\WINDOWS\System32\ADVAPI32.dll
0x00007ffbaf5d0000 - 0x00007ffbaf679000 	C:\WINDOWS\System32\msvcrt.dll
0x00007ffbae3d0000 - 0x00007ffbae477000 	C:\WINDOWS\System32\sechost.dll
0x00007ffbae480000 - 0x00007ffbae598000 	C:\WINDOWS\System32\RPCRT4.dll
0x00007ffbaed10000 - 0x00007ffbaeed5000 	C:\WINDOWS\System32\USER32.dll
0x00007ffbadca0000 - 0x00007ffbadcc7000 	C:\WINDOWS\System32\win32u.dll
0x00007ffb8e7e0000 - 0x00007ffb8ea73000 	C:\WINDOWS\WinSxS\amd64_microsoft.windows.common-controls_6595b64144ccf1df_6.0.26100.8115_none_3e075c82e3354f9c\COMCTL32.dll
0x00007ffbafd70000 - 0x00007ffbafd9b000 	C:\WINDOWS\System32\GDI32.dll
0x00007ffbaca30000 - 0x00007ffbacb5b000 	C:\WINDOWS\System32\gdi32full.dll
0x00007ffbadd80000 - 0x00007ffbade23000 	C:\WINDOWS\System32\msvcp_win.dll
0x00007ffb99da0000 - 0x00007ffb99dab000 	C:\WINDOWS\SYSTEM32\VERSION.dll
0x00007ffbade30000 - 0x00007ffbade62000 	C:\WINDOWS\System32\IMM32.DLL
0x00007ffba7310000 - 0x00007ffba731c000 	C:\Program Files\Java\jdk-17\bin\vcruntime140_1.dll
0x00007ffb58170000 - 0x00007ffb581fe000 	C:\Program Files\Java\jdk-17\bin\msvcp140.dll
0x00007ffb21e90000 - 0x00007ffb22a6f000 	C:\Program Files\Java\jdk-17\bin\server\jvm.dll
0x00007ffbafc50000 - 0x00007ffbafc58000 	C:\WINDOWS\System32\PSAPI.DLL
0x00007ffba2a80000 - 0x00007ffba2ab6000 	C:\WINDOWS\SYSTEM32\WINMM.dll
0x00007ffb8ed50000 - 0x00007ffb8ed5a000 	C:\WINDOWS\SYSTEM32\WSOCK32.dll
0x00007ffbaf040000 - 0x00007ffbaf0c0000 	C:\WINDOWS\System32\WS2_32.dll
0x00007ffbab700000 - 0x00007ffbab71b000 	C:\WINDOWS\SYSTEM32\kernel.appcore.dll
0x00007ffba7230000 - 0x00007ffba723a000 	C:\Program Files\Java\jdk-17\bin\jimage.dll
0x00007ffbaa7c0000 - 0x00007ffbaaa02000 	C:\WINDOWS\SYSTEM32\DBGHELP.DLL
0x00007ffbadfc0000 - 0x00007ffbae342000 	C:\WINDOWS\System32\combase.dll
0x00007ffbaef60000 - 0x00007ffbaf038000 	C:\WINDOWS\System32\OLEAUT32.dll
0x00007ffb8a9b0000 - 0x00007ffb8a9eb000 	C:\WINDOWS\SYSTEM32\dbgcore.DLL
0x00007ffbadcd0000 - 0x00007ffbadd75000 	C:\WINDOWS\System32\bcryptPrimitives.dll
0x00007ffb82880000 - 0x00007ffb828a5000 	C:\Program Files\Java\jdk-17\bin\java.dll
0x00007ffb57b60000 - 0x00007ffb57c37000 	C:\Program Files\Java\jdk-17\bin\jsvml.dll
0x00007ffbae5a0000 - 0x00007ffbaed07000 	C:\WINDOWS\System32\SHELL32.dll
0x00007ffbadb30000 - 0x00007ffbadc9a000 	C:\WINDOWS\System32\wintypes.dll
0x00007ffbacce0000 - 0x00007ffbad548000 	C:\WINDOWS\System32\windows.storage.dll
0x00007ffbafc70000 - 0x00007ffbafd68000 	C:\WINDOWS\System32\SHCORE.dll
0x00007ffbaf680000 - 0x00007ffbaf6e6000 	C:\WINDOWS\System32\shlwapi.dll
0x00007ffbac890000 - 0x00007ffbac8b9000 	C:\WINDOWS\SYSTEM32\profapi.dll
0x00007ffb7d470000 - 0x00007ffb7d489000 	C:\Program Files\Java\jdk-17\bin\net.dll
0x00007ffba6670000 - 0x00007ffba679d000 	C:\WINDOWS\SYSTEM32\WINHTTP.dll
0x00007ffbabc70000 - 0x00007ffbabcdc000 	C:\WINDOWS\system32\mswsock.dll
0x00007ffb7d320000 - 0x00007ffb7d336000 	C:\Program Files\Java\jdk-17\bin\nio.dll
0x00007ffb7d280000 - 0x00007ffb7d298000 	C:\Program Files\Java\jdk-17\bin\zip.dll
0x00007ffb6c800000 - 0x00007ffb6c824000 	C:\Program Files\apache-maven-3.9.9\lib\jansi-native\Windows\x86_64\jansi.dll
0x00007ffb8c730000 - 0x00007ffb8c740000 	C:\Program Files\Java\jdk-17\bin\verify.dll

dbghelp: loaded successfully - version: 4.0.5 - missing functions: none
symbol engine: initialized successfully - sym options: 0x614 - pdb path: .;C:\Program Files\Java\jdk-17\bin;C:\WINDOWS\SYSTEM32;C:\WINDOWS\WinSxS\amd64_microsoft.windows.common-controls_6595b64144ccf1df_6.0.26100.8115_none_3e075c82e3354f9c;C:\Program Files\Java\jdk-17\bin\server;C:\Program Files\apache-maven-3.9.9\lib\jansi-native\Windows\x86_64

VM Arguments:
jvm_args: -Dclassworlds.conf=C:/Program Files/apache-maven-3.9.9/bin/m2.conf -Dmaven.home=C:/Program Files/apache-maven-3.9.9 -Dlibrary.jansi.path=C:/Program Files/apache-maven-3.9.9/lib/jansi-native -Dmaven.multiModuleProjectDirectory=U:/Desktop/09_Projects/06_DevOps/02_Kubernetes/k8s_demo_spring_boot 
java_command: org.codehaus.plexus.classworlds.launcher.Launcher clean package -DskipTests
java_class_path (initial): C:/Program Files/apache-maven-3.9.9/boot/plexus-classworlds-2.8.0.jar
Launcher Type: SUN_STANDARD

[Global flags]
     intx CICompilerCount                          = 4                                         {product} {ergonomic}
     uint ConcGCThreads                            = 2                                         {product} {ergonomic}
     uint G1ConcRefinementThreads                  = 8                                         {product} {ergonomic}
   size_t G1HeapRegionSize                         = 1048576                                   {product} {ergonomic}
    uintx GCDrainStackTargetSize                   = 64                                        {product} {ergonomic}
   size_t InitialHeapSize                          = 130023424                                 {product} {ergonomic}
   size_t MarkStackSize                            = 4194304                                   {product} {ergonomic}
   size_t MaxHeapSize                              = 2055208960                                {product} {ergonomic}
   size_t MaxNewSize                               = 1233125376                                {product} {ergonomic}
   size_t MinHeapDeltaBytes                        = 1048576                                   {product} {ergonomic}
   size_t MinHeapSize                              = 8388608                                   {product} {ergonomic}
    uintx NonNMethodCodeHeapSize                   = 5839372                                {pd product} {ergonomic}
    uintx NonProfiledCodeHeapSize                  = 122909434                              {pd product} {ergonomic}
    uintx ProfiledCodeHeapSize                     = 122909434                              {pd product} {ergonomic}
    uintx ReservedCodeCacheSize                    = 251658240                              {pd product} {ergonomic}
     bool SegmentedCodeCache                       = true                                      {product} {ergonomic}
   size_t SoftMaxHeapSize                          = 2055208960                             {manageable} {ergonomic}
     bool UseCompressedClassPointers               = true                           {product lp64_product} {ergonomic}
     bool UseCompressedOops                        = true                           {product lp64_product} {ergonomic}
     bool UseG1GC                                  = true                                      {product} {ergonomic}
     bool UseLargePagesIndividualAllocation        = false                                  {pd product} {ergonomic}

Logging:
Log output configuration:
 #0: stdout all=warning uptime,level,tags
 #1: stderr all=off uptime,level,tags

Environment Variables:
PATH=C:\Program Files\Git\mingw64\bin;C:\Program Files\Git\usr\bin;C:\Users\mohas\bin;C:\Python314\Scripts;C:\Python314;C:\Python312\Scripts;C:\Python312;C:\Program Files\Java\jdk-17\bin;C:\WINDOWS\system32;C:\WINDOWS;C:\WINDOWS\System32\Wbem;C:\WINDOWS\System32\WindowsPowerShell\v1.0;C:\WINDOWS\System32\OpenSSH;C:\Program Files\Git\cmd;C:\Program Files\MySQL\MySQL Server 8.0\bin;C:\MinGW\bin;C:\ProgramData\chocolatey\bin;C:\Program Files\Dart\bin;C:\Program Files\apache-maven-3.9.9\bin;C:\Program Files\JetBrains\IntelliJ IDEA Community Edition 2023.3.1\bin\idea64.exe;C:\Program Files\Docker\Docker\resources\bin;C:\Program Files\Amazon\AWSCLI\bin;C:\Program Files\nodejs;C:\Program Files\MySQL\MySQL Shell 8.0\bin;C:\Users\mohas\AppData\Local\Microsoft\WindowsApps;C:\Program Files\JetBrains\IntelliJ IDEA Community Edition 2025.1.1.1\bin;C:\Users\mohas\AppData\Local\Programs\Microsoft VS Code\bin;C:\Program Files\heroku\bin;C:\Program Files\JetBrains\IntelliJ IDEA 2025.1.1.1\bin;C:\Users\mohas\AppData\Roaming\npm
USERNAME=Mohasin
OS=Windows_NT
PROCESSOR_IDENTIFIER=Intel64 Family 6 Model 140 Stepping 1, GenuineIntel



---------------  S Y S T E M  ---------------

OS:
 Windows 11 , 64 bit Build 26100 (10.0.26100.8246)
OS uptime: 0 days 16:27 hours
Hyper-V role detected

CPU: total 8 (initial active 8) (4 cores per cpu, 2 threads per core) family 6 model 140 stepping 1 microcode 0xb4, cx8, cmov, fxsr, ht, mmx, 3dnowpref, sse, sse2, sse3, ssse3, sse4.1, sse4.2, popcnt, lzcnt, tsc, tscinvbit, avx, avx2, aes, erms, clmul, bmi1, bmi2, adx, avx512f, avx512dq, avx512cd, avx512bw, avx512vl, sha, fma, vzeroupper, avx512_vpopcntdq, avx512_vpclmulqdq, avx512_vaes, avx512_vnni, clflush, clflushopt, clwb, avx512_vbmi2, avx512_vbmi, hv

Memory: 4k page, system-wide physical 7834M (621M free)
TotalPageFile size 16974M (AvailPageFile size 2M)
current process WorkingSet (physical memory assigned to process): 109M, peak: 109M
current process commit charge ("private bytes"): 235M, peak: 235M

vm_info: Java HotSpot(TM) 64-Bit Server VM (17.0.10+11-LTS-240) for windows-amd64 JRE (17.0.10+11-LTS-240), built on Dec 19 2023 21:47:25 by "mach5one" with MS VC++ 17.1 (VS2022)

END.
